Configuring and Building QEMU...
/mnt/build-qemu.sh
Using './build' as the directory for build output
The Meson build system
Version: 0.55.3
Source dir: /mnt/qemu
Build dir: /mnt/qemu/build
Build type: native build
Project name: qemu
Project version: 6.0.0
C compiler for the host machine: cc (gcc 12.2.0 "cc (Debian 12.2.0-14) 12.2.0")
C linker for the host machine: cc ld.bfd 2.40
Host machine cpu family: x86_64
Host machine cpu: x86_64
../meson.build:10: WARNING: Module unstable-keyval has no backwards or forwards compatibility and might not exist in future releases.
Program sh found: YES
Program python3 found: YES (/usr/bin/python3)
Program bzip2 found: YES
C++ compiler for the host machine: c++ (gcc 12.2.0 "c++ (Debian 12.2.0-14) 12.2.0")
C++ linker for the host machine: c++ ld.bfd 2.40
Program cgcc found: NO
Library m found: YES
Library util found: YES
Run-time dependency appleframeworks found: NO (tried framework)
Found pkg-config: /usr/bin/pkg-config (1.8.1)
Run-time dependency pixman-1 found: YES 0.42.2
Library aio found: NO
Run-time dependency zlib found: YES 1.2.13
Run-time dependency libnfs found: NO (tried pkgconfig)
Run-time dependency appleframeworks found: NO (tried framework)
Run-time dependency libseccomp found: NO (tried pkgconfig)
Has header "cap-ng.h" : NO 
Run-time dependency xkbcommon found: NO (tried pkgconfig)
Library rt found: YES
Run-time dependency libiscsi found: NO (tried pkgconfig)
Run-time dependency libzstd found: NO (tried pkgconfig)
Run-time dependency libcurl found: NO (tried pkgconfig)
Run-time dependency libudev found: NO (tried pkgconfig)
Library mpathpersist found: NO
Run-time dependency ncursesw found: NO (tried pkgconfig)
Has header "curses.h" : NO 
Message: Trying with /usr/include/ncursesw
Has header "curses.h" : NO 
Has header "brlapi.h" : NO 
sdl2-config found: NO
Run-time dependency sdl2 found: NO (tried pkgconfig and config-tool)
Library rados found: NO
Has header "rbd/librbd.h" : NO 
Run-time dependency glusterfs-api found: NO (tried pkgconfig)
Has header "bzlib.h" : NO 
Has header "lzfse.h" : NO 
Run-time dependency gtk+-3.0 found: NO (tried pkgconfig)
Run-time dependency libpng found: NO (tried pkgconfig)
Run-time dependency libjpeg found: NO (tried pkgconfig)
Has header "sasl/sasl.h" : NO 
Has header "snappy-c.h" : NO 
Has header "lzo/lzo1x.h" : NO 
Run-time dependency u2f-emu found: NO (tried pkgconfig)
Run-time dependency libkeyutils found: NO (tried pkgconfig)
Checking for function "gettid" : YES 
Run-time dependency fuse3 found: NO (tried pkgconfig)
Has header "linux/btrfs.h" : YES 
Has header "libdrm/drm.h" : NO 
Has header "pty.h" : YES 
Has header "sys/ioccom.h" : NO 
Has header "sys/kcov.h" : NO 
Checking for function "system" : YES 
Checking for function "preadv" : YES 
Program scripts/minikconf.py found: YES
Configuring riscv64-softmmu-config-target.h using configuration
Configuring riscv64-softmmu-config-devices.mak with command
Reading depfile: /mnt/qemu/build/meson-private/riscv64-softmmu-config-devices.mak.d
Configuring riscv64-softmmu-config-devices.h using configuration
Run-time dependency capstone found: NO (tried pkgconfig)
Configuring capstone-defs.h using configuration
Run-time dependency slirp found: NO (tried pkgconfig)
Configuring libslirp-version.h using configuration
Library fdt found: YES
Configuring config-host.h using configuration
Program scripts/hxtool found: YES
Program scripts/shaderinclude.pl found: YES
Program scripts/qapi-gen.py found: YES
Program scripts/qemu-version.sh found: YES

|Executing subproject libvhost-user method meson 
|
|Project name: libvhost-user
|Project version: undefined
|C compiler for the host machine: cc (gcc 12.2.0 "cc (Debian 12.2.0-14) 12.2.0")
|C linker for the host machine: cc ld.bfd 2.40
|Run-time dependency threads found: YES
|Dependency glib-2.0 found: YES 6.0.0 (overridden)
|Build targets in project: 10
|Subproject libvhost-user finished.

Dependency threads found: YES unknown (cached)
Program keycodemapdb/tools/keymap-gen found: YES
Program scripts/decodetree.py found: YES
Program ../scripts/modules/module_block.py found: YES
Program ../scripts/block-coroutine-wrapper.py found: YES
Program nm found: YES
Program scripts/undefsym.py found: YES
Program scripts/feature_to_c.sh found: YES
Program qemu-keymap found: NO
Program sphinx-build-3 sphinx-build found: NO
Program python3 found: YES (/usr/bin/python3)
Program diff found: YES
Program dbus-daemon found: YES
Program initrd-stress.sh found: YES
Build targets in project: 392

qemu 6.0.0

  Directories
                   Install prefix: /usr/local
                   BIOS directory: share/qemu
                    firmware path: /usr/local/share/qemu-firmware
                 binary directory: bin
                library directory: lib
                 module directory: lib/qemu
                libexec directory: libexec
                include directory: include
                 config directory: /usr/local/etc
            local state directory: /usr/local/var
                 Manual directory: share/man
                    Doc directory: /usr/local/share/doc
                  Build directory: /mnt/qemu/build
                      Source path: /mnt/qemu
                   GIT submodules: ui/keycodemapdb tests/fp/berkeley-testfloat-3 tests/fp/berkeley-softfloat-3 meson dtc capstone slirp

  Host binaries
                              git: git
                             make: make
                           python: /usr/bin/python3 (version: 3.11)
                     sphinx-build: NO
                              gdb: /usr/bin/gdb
                      genisoimage: /usr/bin/genisoimage
                             smbd: "/usr/sbin/smbd"

  Configurable features
                    Documentation: NO
            system-mode emulation: YES
              user-mode emulation: NO
                      block layer: YES
                    Install blobs: YES
                   module support: NO
                   plugin support: NO
                  fuzzing support: NO
                    Audio drivers: oss
                   Trace backends: log
                    QOM debugging: YES
             vhost-kernel support: YES
                vhost-net support: YES
             vhost-crypto support: YES
               vhost-scsi support: YES
              vhost-vsock support: YES
               vhost-user support: YES
    vhost-user-blk server support: YES
            vhost-user-fs support: YES
               vhost-vdpa support: YES
                build guest agent: YES

  Compilation
                         host CPU: x86_64
                  host endianness: little
                       C compiler: cc
                  Host C compiler: cc
                     C++ compiler: c++
                          ARFLAGS: rv
                           CFLAGS: -O2 -g
                         CXXFLAGS: -O2 -g
                      QEMU_CFLAGS: -U_FORTIFY_SOURCE -D_FORTIFY_SOURCE=2 -m64 -mcx16 -D_GNU_SOURCE -D_FILE_OFFSET_BITS=64 -D_LARGEFILE_SOURCE -Wstrict-prototypes -Wredundant-decls -Wundef -Wwrite-strings -Wmissing-prototypes -fno-strict-aliasing -fno-common -fwrapv  -Wold-style-declaration -Wold-style-definition -Wtype-limits -Wformat-security -Wformat-y2k -Winit-self -Wignored-qualifiers -Wempty-body -Wnested-externs -Wendif-labels -Wexpansion-to-defined -Wimplicit-fallthrough=2 -Wno-missing-include-dirs -Wno-shift-negative-value -Wno-psabi -fstack-protector-strong
                     QEMU_LDFLAGS: -Wl,--warn-common -Wl,-z,relro -Wl,-z,now -m64  -fstack-protector-strong
                         profiler: NO
     link-time optimization (LTO): NO
                              PIE: YES
                     static build: NO
              malloc trim support: YES
                       membarrier: NO
                   preadv support: YES
                        fdatasync: YES
                          madvise: YES
                    posix_madvise: YES
                   posix_memalign: YES
                debug stack usage: NO
                  mutex debugging: NO
                 memory allocator: system
                avx2 optimization: YES
             avx512f optimization: NO
                    gprof enabled: NO
                             gcov: NO
                 thread sanitizer: NO
                      CFI support: NO
                   strip binaries: YES
                           sparse: NO
                  mingw32 support: NO

  Targets and accelerators
                      KVM support: NO
                      HAX support: NO
                      HVF support: NO
                     WHPX support: NO
                      Xen support: NO
                      TCG support: YES
                      TCG backend: native (x86_64)
                TCG debug enabled: NO
                      target list: riscv64-softmmu
                  default devices: YES
         out of process emulation: YES

  Block layer support
                coroutine backend: ucontext
                   coroutine pool: YES
             Block whitelist (rw): 
             Block whitelist (ro): 
                   VirtFS support: NO
            build virtiofs daemon: NO
             Live block migration: YES
              replication support: YES
                    bochs support: YES
                    cloop support: YES
                      dmg support: YES
                  qcow v1 support: YES
                      vdi support: YES
                    vvfat support: YES
                      qed support: YES
                parallels support: YES
                 sheepdog support: NO
                     FUSE exports: NO

  Crypto
                     TLS priority: "NORMAL"
                   GNUTLS support: NO
                        libgcrypt: NO
                           nettle: NO
                     crypto afalg: NO
                         rng-none: NO
                    Linux keyring: YES

  Dependencies
                      SDL support: NO
                SDL image support: NO
                      GTK support: NO
                           pixman: YES
                      VTE support: NO
                    slirp support: internal
                         libtasn1: NO
                              PAM: NO
                    iconv support: YES
                   curses support: NO
                    virgl support: NO
                     curl support: NO
                Multipath support: NO
                      VNC support: YES
                 VNC SASL support: NO
                 VNC JPEG support: NO
                  VNC PNG support: NO
                   brlapi support: NO
                      vde support: NO
                   netmap support: NO
                Linux AIO support: NO
           Linux io_uring support: NO
               ATTR/XATTR support: YES
                     RDMA support: NO
                   PVRDMA support: NO
                      fdt support: system
                libcap-ng support: NO
                    spice support: NO
                      rbd support: NO
                   xfsctl support: NO
                smartcard support: NO
                      U2F support: NO
                           libusb: NO
                    usb net redir: NO
                   OpenGL support: NO
                              GBM: NO
                 libiscsi support: NO
                   libnfs support: NO
                  seccomp support: NO
                GlusterFS support: NO
                      TPM support: YES
                   libssh support: NO
                      lzo support: NO
                   snappy support: NO
                    bzip2 support: NO
                    lzfse support: NO
                     zstd support: NO
                NUMA host support: NO
                          libxml2: NO
                         capstone: internal
                  libpmem support: NO
                libdaxctl support: NO
                          libudev: NO
                       FUSE lseek: NO

  Subprojects
                    libvhost-user: YES

Found ninja-1.11.1 at /usr/bin/ninja
make[1]: Entering directory '/mnt/qemu'
changing dir to build for make ""...
make[2]: Entering directory '/mnt/qemu/build'
  GIT     ui/keycodemapdb tests/fp/berkeley-testfloat-3 tests/fp/berkeley-softfloat-3 meson dtc capstone slirp
/usr/bin/ninja  build.ninja && touch build.ninja.stamp
ninja: no work to do.
/usr/bin/python3 -B /mnt/qemu/meson/meson.py introspect --targets --tests --benchmarks | /usr/bin/python3 -B scripts/mtest2make.py > Makefile.mtest
  GIT     ui/keycodemapdb tests/fp/berkeley-testfloat-3 tests/fp/berkeley-softfloat-3 meson dtc capstone slirp
  AS      multiboot.o
  AS      linuxboot.o
  CC      linuxboot_dma.o
  AS      kvmvapic.o
  AS      pvh.o
  CC      pvh_main.o
  BUILD   linuxboot.img
  BUILD   multiboot.img
  BUILD   linuxboot_dma.img
  BUILD   kvmvapic.img
  BUILD   linuxboot.raw
  BUILD   multiboot.raw
  SIGN    linuxboot.bin
  BUILD   linuxboot_dma.raw
  SIGN    multiboot.bin
  BUILD   kvmvapic.raw
  SIGN    linuxboot_dma.bin
  SIGN    kvmvapic.bin
  BUILD   pvh.img
  BUILD   pvh.raw
  SIGN    pvh.bin
[1/2125] Compiling C object libcapstone.a.p/capstone_MCInstrDesc.c.o
[2/2125] Compiling C object libcapstone.a.p/capstone_MCRegisterInfo.c.o
[3/2125] Compiling C object libcapstone.a.p/capstone_SStream.c.o
[4/2125] Compiling C object libcapstone.a.p/capstone_MCInst.c.o
[5/2125] Compiling C object libcapstone.a.p/capstone_utils.c.o
[6/2125] Compiling C object libcapstone.a.p/capstone_arch_X86_X86InstPrinterCommon.c.o
[7/2125] Compiling C object libcapstone.a.p/capstone_arch_X86_X86Module.c.o
[8/2125] Compiling C object libcapstone.a.p/capstone_cs.c.o
[9/2125] Compiling C object libslirp.a.p/slirp_src_arp_table.c.o
[10/2125] Compiling C object libcapstone.a.p/capstone_arch_X86_X86Disassembler.c.o
[11/2125] Compiling C object libslirp.a.p/slirp_src_bootp.c.o
[12/2125] Compiling C object libslirp.a.p/slirp_src_cksum.c.o
[13/2125] Compiling C object libslirp.a.p/slirp_src_dhcpv6.c.o
[14/2125] Compiling C object libslirp.a.p/slirp_src_if.c.o
[15/2125] Compiling C object libcapstone.a.p/capstone_arch_X86_X86IntelInstPrinter.c.o
[16/2125] Compiling C object libslirp.a.p/slirp_src_dnssearch.c.o
[17/2125] Compiling C object libcapstone.a.p/capstone_arch_X86_X86ATTInstPrinter.c.o
[18/2125] Compiling C object libslirp.a.p/slirp_src_ip6_input.c.o
[19/2125] Compiling C object libslirp.a.p/slirp_src_ip6_icmp.c.o
[20/2125] Compiling C object libslirp.a.p/slirp_src_ip6_output.c.o
[21/2125] Compiling C object libslirp.a.p/slirp_src_ip_output.c.o
[22/2125] Compiling C object libslirp.a.p/slirp_src_ip_icmp.c.o
[23/2125] Compiling C object libslirp.a.p/slirp_src_ip_input.c.o
[24/2125] Compiling C object libslirp.a.p/slirp_src_mbuf.c.o
[25/2125] Compiling C object libslirp.a.p/slirp_src_misc.c.o
[26/2125] Compiling C object libslirp.a.p/slirp_src_ncsi.c.o
[27/2125] Compiling C object libslirp.a.p/slirp_src_sbuf.c.o
[28/2125] Compiling C object libslirp.a.p/slirp_src_ndp_table.c.o
[29/2125] Compiling C object libcapstone.a.p/capstone_arch_X86_X86Mapping.c.o
[30/2125] Compiling C object libslirp.a.p/slirp_src_stream.c.o
[31/2125] Compiling C object libslirp.a.p/slirp_src_state.c.o
[32/2125] Compiling C object libcapstone.a.p/capstone_arch_X86_X86DisassemblerDecoder.c.o
[33/2125] Compiling C object libslirp.a.p/slirp_src_tcp_output.c.o
[34/2125] Linking static target libcapstone.a
[35/2125] Compiling C object libslirp.a.p/slirp_src_slirp.c.o
[36/2125] Compiling C object libslirp.a.p/slirp_src_tcp_timer.c.o
[37/2125] Compiling C object libslirp.a.p/slirp_src_socket.c.o
[38/2125] Compiling C object libslirp.a.p/slirp_src_tcp_input.c.o
[39/2125] Compiling C object libslirp.a.p/slirp_src_udp.c.o
[40/2125] Compiling C object libslirp.a.p/slirp_src_version.c.o
[41/2125] Compiling C object libslirp.a.p/slirp_src_tcp_subr.c.o
[42/2125] Compiling C object libslirp.a.p/slirp_src_util.c.o
[43/2125] Compiling C object libslirp.a.p/slirp_src_udp6.c.o
[44/2125] Compiling C object libslirp.a.p/slirp_src_tftp.c.o
[45/2125] Compiling C object libslirp.a.p/slirp_src_vmstate.c.o
[46/2125] Linking static target libslirp.a
[47/2125] Compiling C object subprojects/libvhost-user/link-test.p/link-test.c.o
[48/2125] Generating qemu-img-cmds.h with a meson_exe.py custom command
[49/2125] Generating hmp-commands-info.h with a meson_exe.py custom command
[50/2125] Generating qemu-options.def with a meson_exe.py custom command
[51/2125] Generating trace-root.h with a custom command
[52/2125] Compiling C object subprojects/libvhost-user/libvhost-user-glib.a.p/libvhost-user-glib.c.o
[53/2125] Generating hmp-commands.h with a meson_exe.py custom command
[54/2125] Linking static target subprojects/libvhost-user/libvhost-user-glib.a
[55/2125] Generating trace-root.c with a custom command
[56/2125] Generating trace-crypto.h with a custom command
[57/2125] Generating trace-crypto.c with a custom command
[58/2125] Generating trace-qapi.h with a custom command
[59/2125] Generating trace-qom.h with a custom command
[60/2125] Generating trace-qapi.c with a custom command
[61/2125] Generating trace-qom.c with a custom command
[62/2125] Generating trace-monitor.h with a custom command
[63/2125] Generating trace-monitor.c with a custom command
[64/2125] Generating trace-util.h with a custom command
[65/2125] Generating trace-util.c with a custom command
[66/2125] Generating trace-authz.c with a custom command
[67/2125] Generating trace-authz.h with a custom command
[68/2125] Generating trace-block.c with a custom command
[69/2125] Generating trace-block.h with a custom command
[70/2125] Generating trace-io.h with a custom command
[71/2125] Generating trace-nbd.h with a custom command
[72/2125] Generating trace-io.c with a custom command
[73/2125] Generating trace-scsi.c with a custom command
[74/2125] Generating trace-nbd.c with a custom command
[75/2125] Generating trace-scsi.h with a custom command
[76/2125] Generating trace-accel_kvm.c with a custom command
[77/2125] Generating trace-audio.h with a custom command
[78/2125] Generating trace-audio.c with a custom command
[79/2125] Generating trace-accel_kvm.h with a custom command
[80/2125] Generating trace-backends.h with a custom command
[81/2125] Generating trace-backends.c with a custom command
[82/2125] Generating trace-backends_tpm.h with a custom command
[83/2125] Generating trace-backends_tpm.c with a custom command
[84/2125] Generating trace-chardev.h with a custom command
[85/2125] Generating trace-chardev.c with a custom command
[86/2125] Generating trace-hw_9pfs.h with a custom command
[87/2125] Generating trace-hw_9pfs.c with a custom command
[88/2125] Generating trace-hw_acpi.h with a custom command
[89/2125] Generating trace-hw_acpi.c with a custom command
[90/2125] Generating trace-hw_adc.c with a custom command
[91/2125] Generating trace-hw_adc.h with a custom command
[92/2125] Generating trace-hw_alpha.c with a custom command
[93/2125] Generating trace-hw_arm.c with a custom command
[94/2125] Generating trace-hw_alpha.h with a custom command
[95/2125] Generating trace-hw_audio.h with a custom command
[96/2125] Generating trace-hw_arm.h with a custom command
[97/2125] Generating trace-hw_audio.c with a custom command
[98/2125] Generating trace-hw_block_dataplane.h with a custom command
[99/2125] Generating trace-hw_block.c with a custom command
[100/2125] Generating qemu-version.h with a meson_exe.py custom command
[101/2125] Generating trace-hw_block.h with a custom command
[102/2125] Generating trace-hw_block_dataplane.c with a custom command
[103/2125] Generating trace-hw_char.c with a custom command
[104/2125] Generating trace-hw_char.h with a custom command
[105/2125] Generating trace-hw_display.c with a custom command
[106/2125] Generating trace-hw_display.h with a custom command
[107/2125] Generating trace-hw_dma.c with a custom command
[108/2125] Generating trace-hw_dma.h with a custom command
[109/2125] Generating trace-hw_hppa.h with a custom command
[110/2125] Generating trace-hw_hppa.c with a custom command
[111/2125] Generating trace-hw_hyperv.c with a custom command
[112/2125] Generating trace-hw_hyperv.h with a custom command
[113/2125] Generating trace-hw_i2c.h with a custom command
[114/2125] Generating trace-hw_i2c.c with a custom command
[115/2125] Generating trace-hw_i386.h with a custom command
[116/2125] Generating trace-hw_i386_xen.c with a custom command
[117/2125] Generating trace-hw_i386.c with a custom command
[118/2125] Generating shared QAPI source files with a custom command
[119/2125] Compiling C object subprojects/libvhost-user/libvhost-user.a.p/libvhost-user.c.o
[120/2125] Generating trace-hw_i386_xen.h with a custom command
[121/2125] Generating trace-hw_ide.h with a custom command
[122/2125] Generating trace-hw_ide.c with a custom command
[123/2125] Generating trace-hw_input.c with a custom command
[124/2125] Generating trace-hw_input.h with a custom command
[125/2125] Linking static target subprojects/libvhost-user/libvhost-user.a
[126/2125] Generating trace-hw_isa.c with a custom command
[127/2125] Generating trace-hw_mem.h with a custom command
[128/2125] Generating trace-hw_intc.h with a custom command
[129/2125] Generating trace-hw_intc.c with a custom command
[130/2125] Generating trace-hw_isa.h with a custom command
[131/2125] Linking target subprojects/libvhost-user/link-test
[132/2125] Generating trace-hw_mem.c with a custom command
[133/2125] Generating trace-hw_mips.c with a custom command
[134/2125] Generating trace-hw_misc.c with a custom command
[135/2125] Generating trace-hw_mips.h with a custom command
[136/2125] Generating trace-hw_misc_macio.c with a custom command
[137/2125] Generating trace-hw_misc_macio.h with a custom command
[138/2125] Generating trace-hw_net_can.h with a custom command
[139/2125] Generating trace-hw_net.c with a custom command
[140/2125] Generating trace-hw_misc.h with a custom command
[141/2125] Generating trace-hw_net_can.c with a custom command
[142/2125] Generating trace-hw_nvram.h with a custom command
[143/2125] Generating trace-hw_net.h with a custom command
[144/2125] Generating trace-hw_nvram.c with a custom command
[145/2125] Generating trace-hw_pci.h with a custom command
[146/2125] Generating trace-hw_pci_host.h with a custom command
[147/2125] Generating trace-hw_pci.c with a custom command
[148/2125] Generating trace-hw_pci_host.c with a custom command
[149/2125] Generating trace-hw_ppc.h with a custom command
[150/2125] Generating trace-hw_rdma.h with a custom command
[151/2125] Generating trace-hw_rdma.c with a custom command
[152/2125] Generating trace-hw_rdma_vmw.c with a custom command
[153/2125] Generating trace-hw_rdma_vmw.h with a custom command
[154/2125] Generating trace-hw_s390x.h with a custom command
[155/2125] Generating trace-hw_ppc.c with a custom command
[156/2125] Generating trace-hw_s390x.c with a custom command
[157/2125] Generating trace-hw_rtc.h with a custom command
[158/2125] Generating trace-hw_rtc.c with a custom command
[159/2125] Generating trace-hw_sd.c with a custom command
[160/2125] Generating trace-hw_sd.h with a custom command
[161/2125] Generating trace-hw_sparc.c with a custom command
[162/2125] Generating trace-hw_scsi.c with a custom command
[163/2125] Generating trace-hw_sparc64.c with a custom command
[164/2125] Generating trace-hw_sparc.h with a custom command
[165/2125] Generating trace-hw_sparc64.h with a custom command
[166/2125] Generating trace-hw_ssi.c with a custom command
[167/2125] Generating trace-hw_timer.c with a custom command
[168/2125] Generating trace-hw_scsi.h with a custom command
[169/2125] Generating trace-hw_ssi.h with a custom command
[170/2125] Generating trace-hw_tpm.h with a custom command
[171/2125] Generating trace-hw_timer.h with a custom command
[172/2125] Generating trace-hw_tpm.c with a custom command
[173/2125] Generating trace-hw_usb.c with a custom command
[174/2125] Generating trace-hw_watchdog.h with a custom command
[175/2125] Generating trace-hw_virtio.h with a custom command
[176/2125] Generating trace-hw_vfio.c with a custom command
[177/2125] Generating trace-hw_vfio.h with a custom command
[178/2125] Generating trace-hw_virtio.c with a custom command
[179/2125] Generating trace-hw_watchdog.c with a custom command
[180/2125] Generating trace-hw_xen.h with a custom command
[181/2125] Generating trace-hw_usb.h with a custom command
[182/2125] Generating trace-hw_xen.c with a custom command
[183/2125] Generating trace-hw_gpio.c with a custom command
[184/2125] Generating trace-net.h with a custom command
[185/2125] Generating trace-hw_gpio.h with a custom command
[186/2125] Generating trace-softmmu.c with a custom command
[187/2125] Generating trace-migration.c with a custom command
[188/2125] Generating trace-net.c with a custom command
[189/2125] Generating trace-softmmu.h with a custom command
[190/2125] Generating trace-ui.c with a custom command
[191/2125] Generating trace-ui.h with a custom command
[192/2125] Generating trace-hw_remote.h with a custom command
[193/2125] Generating trace-accel_tcg.h with a custom command
[194/2125] Generating trace-migration.h with a custom command
[195/2125] Generating trace-hw_remote.c with a custom command
[196/2125] Generating trace-accel_tcg.c with a custom command
[197/2125] Generating trace-target_arm.h with a custom command
[198/2125] Generating trace-target_hppa.h with a custom command
[199/2125] Generating trace-hw_core.h with a custom command
[200/2125] Generating trace-target_arm.c with a custom command
[201/2125] Generating trace-target_hppa.c with a custom command
[202/2125] Generating trace-hw_core.c with a custom command
[203/2125] Generating trace-target_i386.h with a custom command
[204/2125] Generating trace-target_i386.c with a custom command
[205/2125] Generating trace-target_mips.h with a custom command
[206/2125] Generating trace-target_i386_kvm.c with a custom command
[207/2125] Generating trace-target_i386_kvm.h with a custom command
[208/2125] Generating trace-target_mips.c with a custom command
[209/2125] Generating trace-target_ppc.h with a custom command
[210/2125] Generating trace-target_s390x.h with a custom command
[211/2125] Generating trace-target_riscv.h with a custom command
[212/2125] Generating trace-target_ppc.c with a custom command
[213/2125] Generating trace-target_riscv.c with a custom command
[214/2125] Generating trace-target_sparc.c with a custom command
[215/2125] Generating trace-target_s390x.c with a custom command
[216/2125] Generating trace-target_sparc.h with a custom command
[217/2125] Generating generated-tcg-tracers.h with a custom command
[218/2125] Generating generated-helpers.c with a custom command
[219/2125] Generating generated-helpers.h with a custom command
[220/2125] Generating generated-helpers-wrappers.h with a custom command
[221/2125] Generating trace-events-all with a meson_exe.py custom command
[222/2125] Generating input-keymap-qcode-to-atset2.c.inc with a meson_exe.py custom command
[223/2125] Generating input-keymap-linux-to-qcode.c.inc with a meson_exe.py custom command
[224/2125] Generating input-keymap-qcode-to-atset1.c.inc with a meson_exe.py custom command
[225/2125] Generating input-keymap-qcode-to-linux.c.inc with a meson_exe.py custom command
[226/2125] Generating input-keymap-atset1-to-qcode.c.inc with a meson_exe.py custom command
[227/2125] Generating input-keymap-qcode-to-atset3.c.inc with a meson_exe.py custom command
[228/2125] Generating input-keymap-qcode-to-qnum.c.inc with a meson_exe.py custom command
[229/2125] Generating input-keymap-win32-to-qcode.c.inc with a meson_exe.py custom command
[230/2125] Generating input-keymap-qnum-to-qcode.c.inc with a meson_exe.py custom command
[231/2125] Generating input-keymap-usb-to-qcode.c.inc with a meson_exe.py custom command
[232/2125] Generating input-keymap-qcode-to-sun.c.inc with a meson_exe.py custom command
[233/2125] Generating input-keymap-xorgevdev-to-qcode.c.inc with a meson_exe.py custom command
[234/2125] Generating input-keymap-x11-to-qcode.c.inc with a meson_exe.py custom command
[235/2125] Generating input-keymap-xorgkbd-to-qcode.c.inc with a meson_exe.py custom command
[236/2125] Generating module_block.h with a custom command
[237/2125] Generating texture-blit-frag.h with a meson_exe.py custom command
[238/2125] Generating texture-blit-vert.h with a meson_exe.py custom command
[239/2125] Generating input-keymap-xorgxquartz-to-qcode.c.inc with a meson_exe.py custom command
[240/2125] Generating input-keymap-osx-to-qcode.c.inc with a meson_exe.py custom command
[241/2125] Generating block-gen.c with a custom command
[242/2125] Generating input-keymap-xorgxwin-to-qcode.c.inc with a meson_exe.py custom command
[243/2125] Generating 'libqemu-riscv64-softmmu.fa.p/decode-insn16.c.inc'.
[244/2125] Generating 'libqemu-riscv64-softmmu.fa.p/decode-insn32.c.inc'.
[245/2125] Generating ar with a custom command
[246/2125] Generating bepo with a custom command
[247/2125] Generating texture-blit-flip-vert.h with a meson_exe.py custom command
[248/2125] Generating cz with a custom command
[249/2125] Generating QGA QAPI files with a custom command
[250/2125] Compiling C object contrib/ivshmem-client/ivshmem-client.p/main.c.o
[251/2125] Compiling C object libqemuutil.a.p/meson-generated_.._qapi_qapi-types-rdma.c.o
[252/2125] Compiling C object libqemuutil.a.p/meson-generated_.._trace_trace-hw_ppc.c.o
[253/2125] Compiling C object libqemuutil.a.p/meson-generated_.._qapi_qapi-visit-yank.c.o
[254/2125] Compiling C object contrib/ivshmem-client/ivshmem-client.p/ivshmem-client.c.o
[255/2125] Generating riscv64-softmmu-gdbstub-xml.c with a meson_exe.py custom command
[256/2125] Compiling C object libqemuutil.a.p/meson-generated_.._qapi_qapi-types-trace.c.o
[257/2125] Compiling C object libqemuutil.a.p/meson-generated_.._qapi_qapi-events-common.c.o
[258/2125] Generating QAPI files for qemu-storage-daemon with a custom command
[259/2125] Compiling C object libqemuutil.a.p/meson-generated_.._trace_trace-qapi.c.o
[260/2125] Compiling C object libqemuutil.a.p/meson-generated_.._qapi_qapi-events-tpm.c.o
[261/2125] Compiling C object libqemuutil.a.p/meson-generated_.._qapi_qapi-commands-authz.c.o
[262/2125] Compiling C object libqemuutil.a.p/meson-generated_.._trace_trace-hw_adc.c.o
[263/2125] Compiling C object libqemuutil.a.p/meson-generated_.._qapi_qapi-events-yank.c.o
[264/2125] Compiling C object libqemuutil.a.p/meson-generated_.._qapi_qapi-types-misc.c.o
[265/2125] Compiling C object libqemuutil.a.p/meson-generated_.._trace_trace-backends.c.o
[266/2125] Compiling C object libqemuutil.a.p/meson-generated_.._qapi_qapi-commands-replay.c.o
[267/2125] Compiling C object libqemuutil.a.p/meson-generated_.._trace_trace-hw_gpio.c.o
[268/2125] Compiling C object libqemuutil.a.p/meson-generated_.._qapi_qapi-visit-rdma.c.o
[269/2125] Compiling C object libqemuutil.a.p/meson-generated_.._trace_trace-hw_char.c.o
[270/2125] Compiling C object libqemuutil.a.p/meson-generated_.._trace_trace-hw_sd.c.o
[271/2125] Compiling C object libqemuutil.a.p/meson-generated_.._qapi_qapi-commands-common.c.o
[272/2125] Compiling C object libqemuutil.a.p/meson-generated_.._qapi_qapi-visit-trace.c.o
[273/2125] Compiling C object libqemuutil.a.p/meson-generated_.._trace_trace-hw_net.c.o
[274/2125] Compiling C object libqemuutil.a.p/meson-generated_.._qapi_qapi-types-block.c.o
[275/2125] Compiling C object libqemuutil.a.p/meson-generated_.._qapi_qapi-types-run-state.c.o
[276/2125] Compiling C object libqemuutil.a.p/meson-generated_.._qapi_qapi-commands-tpm.c.o
[277/2125] Compiling C object libqemuutil.a.p/meson-generated_.._qapi_qapi-commands-yank.c.o
[278/2125] Compiling C object libqemuutil.a.p/meson-generated_.._trace_trace-hw_usb.c.o
[279/2125] Compiling C object libqemuutil.a.p/meson-generated_.._trace_trace-hw_rdma.c.o
[280/2125] Compiling C object libqemuutil.a.p/meson-generated_.._qapi_qapi-events-rdma.c.o
[281/2125] Compiling C object libqemuutil.a.p/meson-generated_.._trace_trace-hw_alpha.c.o
[282/2125] Compiling C object libqemuutil.a.p/meson-generated_.._trace_trace-qom.c.o
[283/2125] Compiling C object libqemuutil.a.p/meson-generated_.._qapi_qapi-visit-misc.c.o
[284/2125] Compiling C object libqemuutil.a.p/meson-generated_.._qapi_qapi-events-trace.c.o
[285/2125] Compiling C object libqemuutil.a.p/meson-generated_.._qapi_qapi-types-compat.c.o
[286/2125] Compiling C object libqemuutil.a.p/meson-generated_.._trace_trace-hw_net_can.c.o
[287/2125] Compiling C object libqemuutil.a.p/meson-generated_.._qapi_qapi-events-misc.c.o
[288/2125] Compiling C object libqemuutil.a.p/meson-generated_.._qapi_qapi-types-ui.c.o
[289/2125] Compiling C object libqemuutil.a.p/meson-generated_.._trace_trace-migration.c.o
[290/2125] Compiling C object libqemuutil.a.p/meson-generated_.._trace_trace-hw_sparc.c.o
[291/2125] Compiling C object libqemuutil.a.p/meson-generated_.._trace_trace-backends_tpm.c.o
[292/2125] Compiling C object libqemuutil.a.p/meson-generated_.._trace_trace-hw_display.c.o
[293/2125] Compiling C object libqemuutil.a.p/meson-generated_.._qapi_qapi-visit-block.c.o
[294/2125] Compiling C object libqemuutil.a.p/meson-generated_.._qapi_qapi-types-acpi.c.o
[295/2125] Compiling C object libqemuutil.a.p/meson-generated_.._qapi_qapi-commands-rdma.c.o
[296/2125] Compiling C object libqemuutil.a.p/meson-generated_.._trace_trace-hw_rdma_vmw.c.o
[297/2125] Compiling C object libqemuutil.a.p/meson-generated_.._qapi_qapi-events-block.c.o
[298/2125] Compiling C object libqemuutil.a.p/meson-generated_.._qapi_qapi-commands-trace.c.o
[299/2125] Compiling C object libqemuutil.a.p/meson-generated_.._qapi_qapi-visit-compat.c.o
[300/2125] Compiling C object libqemuutil.a.p/meson-generated_.._qapi_qapi-visit-run-state.c.o
[301/2125] Compiling C object libqemuutil.a.p/meson-generated_.._trace_trace-hw_vfio.c.o
[302/2125] Compiling C object libqemuutil.a.p/meson-generated_.._trace_trace-monitor.c.o
[303/2125] Compiling C object libqemuutil.a.p/meson-generated_.._trace_trace-hw_arm.c.o
[304/2125] Compiling C object libqemuutil.a.p/meson-generated_.._qapi_qapi-events-run-state.c.o
[305/2125] Compiling C object libqemuutil.a.p/meson-generated_.._qapi_qapi-visit-acpi.c.o
[306/2125] Compiling C object libqemuutil.a.p/meson-generated_.._qapi_qapi-commands-misc.c.o
[307/2125] Compiling C object libqemuutil.a.p/meson-generated_.._trace_trace-hw_nvram.c.o
[308/2125] Compiling C object libqemuutil.a.p/meson-generated_.._trace_trace-hw_sparc64.c.o
[309/2125] Compiling C object libqemuutil.a.p/meson-generated_.._trace_trace-net.c.o
[310/2125] Compiling C object libqemuutil.a.p/meson-generated_.._qapi_qapi-types-rocker.c.o
[311/2125] Compiling C object libqemuutil.a.p/meson-generated_.._qapi_qapi-types-transaction.c.o
[312/2125] Compiling C object libqemuutil.a.p/meson-generated_.._qapi_qapi-commands-block.c.o
[313/2125] Compiling C object libqemuutil.a.p/meson-generated_.._trace_trace-hw_dma.c.o
[314/2125] Compiling C object libqemuutil.a.p/meson-generated_.._qapi_qapi-visit-ui.c.o
[315/2125] Compiling C object libqemuutil.a.p/meson-generated_.._qapi_qapi-events-compat.c.o
[316/2125] Compiling C object libqemuutil.a.p/meson-generated_.._trace_trace-chardev.c.o
[317/2125] Compiling C object libqemuutil.a.p/meson-generated_.._qapi_qapi-events-ui.c.o
[318/2125] Compiling C object libqemuutil.a.p/meson-generated_.._qapi_qapi-events-acpi.c.o
[319/2125] Compiling C object libqemuutil.a.p/meson-generated_.._qapi_qapi-commands-run-state.c.o
[320/2125] Compiling C object libqemuutil.a.p/meson-generated_.._qapi_qapi-types-net.c.o
[321/2125] Compiling C object libqemuutil.a.p/meson-generated_.._trace_trace-hw_virtio.c.o
[322/2125] Compiling C object libqemuutil.a.p/meson-generated_.._trace_trace-hw_rtc.c.o
[323/2125] Compiling C object libqemuutil.a.p/meson-generated_.._qapi_qapi-visit-rocker.c.o
[324/2125] Compiling C object libqemuutil.a.p/meson-generated_.._qapi_qapi-commands-compat.c.o
[325/2125] Compiling C object libqemuutil.a.p/meson-generated_.._qapi_qapi-visit-transaction.c.o
[326/2125] Compiling C object libqemuutil.a.p/meson-generated_.._trace_trace-hw_audio.c.o
[327/2125] Compiling C object libqemuutil.a.p/meson-generated_.._trace_trace-util.c.o
[328/2125] Compiling C object libqemuutil.a.p/meson-generated_.._qapi_qapi-types-sockets.c.o
[329/2125] Compiling C object libqemuutil.a.p/meson-generated_.._qapi_qapi-commands-ui.c.o
[330/2125] Compiling C object libqemuutil.a.p/meson-generated_.._qapi_qapi-events-rocker.c.o
[331/2125] Compiling C object libqemuutil.a.p/meson-generated_.._qapi_qapi-commands-acpi.c.o
[332/2125] Compiling C object libqemuutil.a.p/meson-generated_.._trace_trace-hw_pci.c.o
[333/2125] Compiling C object libqemuutil.a.p/meson-generated_.._qapi_qapi-visit-net.c.o
[334/2125] Compiling C object libqemuutil.a.p/meson-generated_.._trace_trace-hw_hppa.c.o
[335/2125] Compiling C object libqemuutil.a.p/meson-generated_.._qapi_qapi-types-block-core.c.o
[336/2125] Compiling C object libqemuutil.a.p/meson-generated_.._trace_trace-hw_ssi.c.o
[337/2125] Compiling C object libqemuutil.a.p/meson-generated_.._trace_trace-softmmu.c.o
[338/2125] Compiling C object libqemuutil.a.p/meson-generated_.._qapi_qapi-events-transaction.c.o
[339/2125] Compiling C object libqemuutil.a.p/meson-generated_.._trace_trace-hw_9pfs.c.o
[340/2125] Compiling C object libqemuutil.a.p/meson-generated_.._qapi_qapi-types-control.c.o
[341/2125] Compiling C object libqemuutil.a.p/meson-generated_.._qapi_qapi-events-net.c.o
[342/2125] Compiling C object libqemuutil.a.p/meson-generated_.._qapi_qapi-builtin-visit.c.o
[343/2125] Compiling C object libqemuutil.a.p/meson-generated_.._qapi_qapi-types-audio.c.o
[344/2125] Compiling C object libqemuutil.a.p/meson-generated_.._trace_trace-hw_s390x.c.o
[345/2125] Compiling C object libqemuutil.a.p/meson-generated_.._trace_trace-hw_watchdog.c.o
[346/2125] Compiling C object libqemuutil.a.p/meson-generated_.._qapi_qapi-visit-sockets.c.o
[347/2125] Compiling C object libqemuutil.a.p/meson-generated_.._qapi_qapi-commands-rocker.c.o
[348/2125] Compiling C object libqemuutil.a.p/meson-generated_.._trace_trace-hw_block.c.o
[349/2125] Compiling C object libqemuutil.a.p/meson-generated_.._qapi_qapi-commands-transaction.c.o
[350/2125] Compiling C object libqemuutil.a.p/meson-generated_.._qapi_qapi-visit-control.c.o
[351/2125] Compiling C object libqemuutil.a.p/meson-generated_.._qapi_qapi-types-authz.c.o
[352/2125] Compiling C object libqemuutil.a.p/meson-generated_.._trace_trace-authz.c.o
[353/2125] Compiling C object libqemuutil.a.p/meson-generated_.._qapi_qapi-events-block-core.c.o
[354/2125] Compiling C object libqemuutil.a.p/meson-generated_.._trace_trace-hw_pci_host.c.o
[355/2125] Compiling C object libqemuutil.a.p/meson-generated_.._trace_trace-hw_timer.c.o
[356/2125] Compiling C object libqemuutil.a.p/meson-generated_.._qapi_qapi-commands-net.c.o
[357/2125] Compiling C object libqemuutil.a.p/meson-generated_.._qapi_qapi-events-sockets.c.o
[358/2125] Compiling C object libqemuutil.a.p/meson-generated_.._trace_trace-hw_hyperv.c.o
[359/2125] Compiling C object libqemuutil.a.p/meson-generated_.._qapi_qapi-types-tpm.c.o
[360/2125] Compiling C object libqemuutil.a.p/meson-generated_.._trace_trace-ui.c.o
[361/2125] Compiling C object libqemuutil.a.p/meson-generated_.._trace_trace-hw_acpi.c.o
[362/2125] Compiling C object libqemuutil.a.p/meson-generated_.._qapi_qapi-visit-authz.c.o
[363/2125] Compiling C object libqemuutil.a.p/meson-generated_.._qapi_qapi-types-yank.c.o
[364/2125] Compiling C object libqemuutil.a.p/meson-generated_.._qapi_qapi-events-control.c.o
[365/2125] Compiling C object libqemuutil.a.p/meson-generated_.._qapi_qapi-types-pragma.c.o
[366/2125] Compiling C object libqemuutil.a.p/meson-generated_.._qapi_qapi-commands-sockets.c.o
[367/2125] Compiling C object libqemuutil.a.p/meson-generated_.._qapi_qapi-visit-audio.c.o
[368/2125] Compiling C object libqemuutil.a.p/meson-generated_.._trace_trace-hw_xen.c.o
[369/2125] Compiling C object libqemuutil.a.p/meson-generated_.._trace_trace-hw_block_dataplane.c.o
[370/2125] Compiling C object libqemuutil.a.p/meson-generated_.._qapi_qapi-events-audio.c.o
[371/2125] Compiling C object libqemuutil.a.p/meson-generated_.._qapi_qapi-events-authz.c.o
[372/2125] Compiling C object libqemuutil.a.p/meson-generated_.._trace_trace-hw_scsi.c.o
[373/2125] Compiling C object libqemuutil.a.p/meson-generated_.._qapi_qapi-visit-tpm.c.o
[374/2125] Compiling C object libqemuutil.a.p/meson-generated_.._trace_trace-block.c.o
[375/2125] Compiling C object libqemuutil.a.p/meson-generated_.._qapi_qapi-commands-block-core.c.o
[376/2125] Compiling C object libqemuutil.a.p/meson-generated_.._trace_trace-hw_remote.c.o
[377/2125] Compiling C object libqemuutil.a.p/meson-generated_.._trace_trace-hw_tpm.c.o
[378/2125] Compiling C object libqemuutil.a.p/meson-generated_.._qapi_qapi-visit-pragma.c.o
[379/2125] Compiling C object libqemuutil.a.p/meson-generated_.._trace_trace-hw_i2c.c.o
[380/2125] Compiling C object libqemuutil.a.p/meson-generated_.._qapi_qapi-events-job.c.o
[381/2125] Compiling C object libqemuutil.a.p/meson-generated_.._qapi_qapi-types-block-export.c.o
[382/2125] Compiling C object libqemuutil.a.p/meson-generated_.._qapi_qapi-commands-control.c.o
[383/2125] Compiling C object libqemuutil.a.p/meson-generated_.._qapi_qapi-commands-audio.c.o
[384/2125] Compiling C object libqemuutil.a.p/meson-generated_.._qapi_qapi-visit-error.c.o
[385/2125] Compiling C object libqemuutil.a.p/meson-generated_.._qapi_qapi-events-pragma.c.o
[386/2125] Compiling C object libqemuutil.a.p/meson-generated_.._trace_trace-target_i386_kvm.c.o
[387/2125] Compiling C object libqemuutil.a.p/meson-generated_.._qapi_qapi-types-qdev.c.o
[388/2125] Compiling C object libqemuutil.a.p/meson-generated_.._qapi_qapi-types-crypto.c.o
[389/2125] Compiling C object libqemuutil.a.p/meson-generated_.._qapi_qapi-visit-block-export.c.o
[390/2125] Compiling C object libqemuutil.a.p/meson-generated_.._qapi_qapi-commands-job.c.o
[391/2125] Compiling C object libqemuutil.a.p/meson-generated_.._qapi_qapi-events-error.c.o
[392/2125] Compiling C object libqemuutil.a.p/meson-generated_.._trace_trace-hw_isa.c.o
[393/2125] Compiling C object libqemuutil.a.p/meson-generated_.._trace_trace-accel_tcg.c.o
[394/2125] Compiling C object libqemuutil.a.p/meson-generated_.._trace_trace-io.c.o
[395/2125] Compiling C object libqemuutil.a.p/meson-generated_.._qapi_qapi-events-block-export.c.o
[396/2125] Compiling C object libqemuutil.a.p/meson-generated_.._qapi_qapi-commands-pragma.c.o
[397/2125] Compiling C object libqemuutil.a.p/meson-generated_.._trace_trace-target_mips.c.o
[398/2125] Compiling C object libqemuutil.a.p/meson-generated_.._qapi_qapi-types-machine.c.o
[399/2125] Compiling C object libqemuutil.a.p/meson-generated_.._qapi_qapi-visit-qdev.c.o
[400/2125] Compiling C object libqemuutil.a.p/meson-generated_.._trace_trace-hw_i386.c.o
[401/2125] Compiling C object libqemuutil.a.p/meson-generated_.._qapi_qapi-commands-error.c.o
[402/2125] Compiling C object libqemuutil.a.p/meson-generated_.._qapi_qapi-events-crypto.c.o
[403/2125] Compiling C object libqemuutil.a.p/meson-generated_.._qapi_qapi-visit-crypto.c.o
[404/2125] Compiling C object libqemuutil.a.p/meson-generated_.._qapi_qapi-types-qom.c.o
[405/2125] Compiling C object libqemuutil.a.p/meson-generated_.._qapi_qapi-commands-block-export.c.o
[406/2125] Compiling C object libqemuutil.a.p/meson-generated_.._trace_trace-nbd.c.o
[407/2125] Compiling C object libqemuutil.a.p/meson-generated_.._trace_trace-hw_mem.c.o
[408/2125] Compiling C object libqemuutil.a.p/meson-generated_.._qapi_qapi-events-qdev.c.o
[409/2125] Compiling C object libqemuutil.a.p/meson-generated_.._trace_trace-hw_core.c.o
[410/2125] Compiling C object libqemuutil.a.p/meson-generated_.._trace_trace-target_ppc.c.o
[411/2125] Compiling C object libqemuutil.a.p/meson-generated_.._qapi_qapi-types-introspect.c.o
[412/2125] Compiling C object libqemuutil.a.p/meson-generated_.._trace_trace-hw_i386_xen.c.o
[413/2125] Compiling C object libqemuutil.a.p/meson-generated_.._qapi_qapi-commands-crypto.c.o
[414/2125] Compiling C object libqemuutil.a.p/meson-generated_.._qapi_qapi-types-char.c.o
[415/2125] Compiling C object libqemuutil.a.p/meson-generated_.._qapi_qapi-visit-block-core.c.o
[416/2125] Compiling C object libqemuutil.a.p/meson-generated_.._qapi_qapi-events-machine.c.o
[417/2125] Compiling C object libqemuutil.a.p/meson-generated_.._qapi_qapi-visit-machine.c.o
[418/2125] Compiling C object libqemuutil.a.p/meson-generated_.._qapi_qapi-builtin-types.c.o
[419/2125] Compiling C object libqemuutil.a.p/meson-generated_.._qapi_qapi-commands-qdev.c.o
[420/2125] Compiling C object libqemuutil.a.p/meson-generated_.._trace_trace-target_arm.c.o
[421/2125] Compiling C object libqemuutil.a.p/meson-generated_.._qapi_qapi-types-dump.c.o
[422/2125] Compiling C object libqemuutil.a.p/meson-generated_.._qapi_qapi-visit-introspect.c.o
[423/2125] Compiling C object libqemuutil.a.p/meson-generated_.._trace_trace-scsi.c.o
[424/2125] Compiling C object libqemuutil.a.p/meson-generated_.._qapi_qapi-events-qom.c.o
[425/2125] Compiling C object libqemuutil.a.p/meson-generated_.._trace_trace-hw_mips.c.o
[426/2125] Compiling C object libqemuutil.a.p/meson-generated_.._qapi_qapi-visit-char.c.o
[427/2125] Compiling C object libqemuutil.a.p/meson-generated_.._trace_trace-target_riscv.c.o
[428/2125] Compiling C object libqemuutil.a.p/meson-generated_.._qapi_qapi-types-pci.c.o
[429/2125] Compiling C object libqemuutil.a.p/meson-generated_.._qapi_qapi-events-introspect.c.o
[430/2125] Compiling C object libqemuutil.a.p/meson-generated_.._trace_trace-hw_ide.c.o
[431/2125] Compiling C object libqemuutil.a.p/meson-generated_.._qapi_qapi-commands-machine.c.o
[432/2125] Compiling C object libqemuutil.a.p/meson-generated_.._qapi_qapi-visit-qom.c.o
[433/2125] Compiling C object libqemuutil.a.p/meson-generated_.._qapi_qapi-events-char.c.o
[434/2125] Compiling C object libqemuutil.a.p/meson-generated_.._qapi_qapi-visit-dump.c.o
[435/2125] Compiling C object libqemuutil.a.p/meson-generated_.._trace_trace-root.c.o
[436/2125] Compiling C object libqemuutil.a.p/meson-generated_.._trace_trace-target_hppa.c.o
[437/2125] Compiling C object libqemuutil.a.p/meson-generated_.._qapi_qapi-commands-introspect.c.o
[438/2125] Compiling C object libqemuutil.a.p/meson-generated_.._qapi_qapi-types-migration.c.o
[439/2125] Compiling C object libqemuutil.a.p/meson-generated_.._trace_trace-accel_kvm.c.o
[440/2125] Compiling C object libqemuutil.a.p/meson-generated_.._qapi_qapi-commands-char.c.o
[441/2125] Compiling C object libqemuutil.a.p/meson-generated_.._qapi_qapi-visit-pci.c.o
[442/2125] Compiling C object libqemuutil.a.p/meson-generated_.._qapi_qapi-commands-qom.c.o
[443/2125] Compiling C object libqemuutil.a.p/meson-generated_.._trace_trace-hw_misc.c.o
[444/2125] Compiling C object libqemuutil.a.p/meson-generated_.._qapi_qapi-events-dump.c.o
[445/2125] Compiling C object libqemuutil.a.p/meson-generated_.._trace_trace-target_s390x.c.o
[446/2125] Compiling C object libqemuutil.a.p/meson-generated_.._qapi_qapi-types-replay.c.o
[447/2125] Compiling C object libqemuutil.a.p/meson-generated_.._qapi_qapi-events-pci.c.o
[448/2125] Compiling C object libqemuutil.a.p/meson-generated_.._trace_trace-hw_input.c.o
[449/2125] Compiling C object libqemuutil.a.p/meson-generated_.._qapi_qapi-types-job.c.o
[450/2125] Compiling C object libqemuutil.a.p/meson-generated_.._qapi_qapi-types-common.c.o
[451/2125] Compiling C object libqemuutil.a.p/meson-generated_.._qapi_qapi-commands-dump.c.o
[452/2125] Compiling C object libqemuutil.a.p/meson-generated_.._trace_trace-crypto.c.o
[453/2125] Compiling C object libqemuutil.a.p/meson-generated_.._trace_trace-target_i386.c.o
[454/2125] Compiling C object libqemuutil.a.p/meson-generated_.._qapi_qapi-events-migration.c.o
[455/2125] Compiling C object libqemuutil.a.p/meson-generated_.._qapi_qapi-visit-replay.c.o
[456/2125] Compiling C object libqemuutil.a.p/meson-generated_.._qapi_qapi-commands-pci.c.o
[457/2125] Compiling C object libqemuutil.a.p/meson-generated_.._qapi_qapi-visit-job.c.o
[458/2125] Compiling C object libqemuutil.a.p/meson-generated_.._trace_trace-audio.c.o
[459/2125] Compiling C object libqemuutil.a.p/meson-generated_.._trace_trace-target_sparc.c.o
[460/2125] Compiling C object libqemuutil.a.p/meson-generated_.._trace_trace-hw_misc_macio.c.o
[461/2125] Compiling C object libqemuutil.a.p/meson-generated_.._qapi_qapi-visit-migration.c.o
[462/2125] Compiling C object libqemuutil.a.p/meson-generated_.._qapi_qapi-types-error.c.o
[463/2125] Compiling C object libqemuutil.a.p/meson-generated_.._qapi_qapi-events-replay.c.o
[464/2125] Compiling C object libqemuutil.a.p/meson-generated_.._trace_trace-hw_intc.c.o
[465/2125] Compiling C object libqemuutil.a.p/meson-generated_.._qapi_qapi-visit-common.c.o
[466/2125] Compiling C object libqemuutil.a.p/util_log.c.o
[467/2125] Compiling C object libqemuutil.a.p/util_coroutine-ucontext.c.o
[468/2125] Compiling C object libqemuutil.a.p/util_aio-wait.c.o
[469/2125] Compiling C object libqemuutil.a.p/util_qemu-coroutine-sleep.c.o
[470/2125] Compiling C object libqemuutil.a.p/meson-generated_.._qapi_qapi-commands-migration.c.o
[471/2125] Compiling C object libqemuutil.a.p/crypto_aes.c.o
[472/2125] Compiling C object libqemuutil.a.p/util_hexdump.c.o
[473/2125] Compiling C object libqemuutil.a.p/crypto_init.c.o
[474/2125] Compiling C object libqemuutil.a.p/util_bitmap.c.o
[475/2125] Compiling C object libqemuutil.a.p/util_buffer.c.o
[476/2125] Compiling C object libqemuutil.a.p/util_envlist.c.o
[477/2125] Compiling C object libqemuutil.a.p/util_async.c.o
[478/2125] Compiling C object libqemuutil.a.p/util_aio-posix.c.o
[479/2125] Compiling C object libqemuutil.a.p/util_nvdimm-utils.c.o
[480/2125] Compiling C object libqemuutil.a.p/util_osdep.c.o
[481/2125] Compiling C object libqemuutil.a.p/util_stats64.c.o
[482/2125] Compiling C object libqemuutil.a.p/trace_control.c.o
[483/2125] Compiling C object libqemuutil.a.p/qobject_qobject.c.o
[484/2125] Compiling C object libqemuutil.a.p/util_host-utils.c.o
[485/2125] Compiling C object libqemuutil.a.p/qapi_string-input-visitor.c.o
[486/2125] Compiling C object libqemuutil.a.p/qobject_json-streamer.c.o
[487/2125] Compiling C object libqemuutil.a.p/util_qemu-config.c.o
[488/2125] Compiling C object libqemuutil.a.p/util_qemu-timer.c.o
[489/2125] Compiling C object libqemuutil.a.p/qobject_qbool.c.o
[490/2125] Compiling C object libqemuutil.a.p/util_aiocb.c.o
[491/2125] Compiling C object libqemuutil.a.p/util_qht.c.o
[492/2125] Compiling C object libqemuutil.a.p/util_cutils.c.o
[493/2125] Compiling C object libqemuutil.a.p/util_fifo8.c.o
[494/2125] Compiling C object libqemuutil.a.p/util_fdmon-poll.c.o
[495/2125] Compiling C object libqemuutil.a.p/util_timed-average.c.o
[496/2125] Compiling C object libqemuutil.a.p/util_qdist.c.o
[497/2125] Compiling C object libqemuutil.a.p/qobject_block-qdict.c.o
[498/2125] Compiling C object libqemuutil.a.p/qobject_json-lexer.c.o
[499/2125] Compiling C object libqemuutil.a.p/util_range.c.o
[500/2125] Compiling C object libqemuutil.a.p/util_throttle.c.o
[501/2125] Compiling C object libqemuutil.a.p/qapi_qobject-input-visitor.c.o
[502/2125] Compiling C object libqemuutil.a.p/util_fdmon-epoll.c.o
[503/2125] Compiling C object libqemuutil.a.p/util_error.c.o
[504/2125] Compiling C object libqemuutil.a.p/util_qemu-coroutine-io.c.o
[505/2125] Compiling C object libqemuutil.a.p/qapi_qobject-output-visitor.c.o
[506/2125] Compiling C object libqemuutil.a.p/util_crc32c.c.o
[507/2125] Compiling C object libqemuutil.a.p/qobject_qstring.c.o
[508/2125] Compiling C object libqemuutil.a.p/util_notify.c.o
[509/2125] Compiling C object libqemuutil.a.p/util_qemu-coroutine-lock.c.o
[510/2125] Compiling C object libqemuutil.a.p/util_id.c.o
[511/2125] Compiling C object libqemuutil.a.p/util_yank.c.o
[512/2125] Compiling C object libqemuutil.a.p/util_compatfd.c.o
[513/2125] Compiling C object libqemuutil.a.p/qapi_qapi-util.c.o
[514/2125] Compiling C object libqemuutil.a.p/util_qemu-progress.c.o
[515/2125] Compiling C object libqemuutil.a.p/qapi_qapi-dealloc-visitor.c.o
[516/2125] Compiling C object libqemuutil.a.p/util_keyval.c.o
[517/2125] Compiling C object libqemuutil.a.p/util_qemu-sockets.c.o
[518/2125] Compiling C object libqemuutil.a.p/util_mmap-alloc.c.o
[519/2125] Compiling C object libqemuutil.a.p/util_path.c.o
[520/2125] Compiling C object libqemuutil.a.p/qapi_string-output-visitor.c.o
[521/2125] Compiling C object libqemuutil.a.p/util_guest-random.c.o
[522/2125] Compiling C object libqemuutil.a.p/util_cacheinfo.c.o
[523/2125] Compiling C object libqemuutil.a.p/util_qemu-timer-common.c.o
[524/2125] Compiling C object libqemuutil.a.p/qapi_qmp-dispatch.c.o
[525/2125] Compiling C object libqemuutil.a.p/util_lockcnt.c.o
[526/2125] Compiling C object libqemuutil.a.p/qobject_qlit.c.o
[527/2125] Compiling C object libqemuutil.a.p/qobject_qnum.c.o
[528/2125] Compiling C object libqemuutil.a.p/util_iov.c.o
[529/2125] Compiling C object libqemuutil.a.p/util_crc-ccitt.c.o
[530/2125] Compiling C object libqemuutil.a.p/util_event_notifier-posix.c.o
[531/2125] Compiling C object libqemuutil.a.p/util_hbitmap.c.o
[532/2125] Compiling C object libqemuutil.a.p/util_systemd.c.o
[533/2125] Compiling C object libqemuutil.a.p/util_main-loop.c.o
[534/2125] Compiling C object libqemuutil.a.p/util_qemu-co-shared-resource.c.o
[535/2125] Compiling C object libqemuutil.a.p/util_unicode.c.o
[536/2125] Compiling C object libqemuutil.a.p/util_module.c.o
[537/2125] Compiling C object libqemuutil.a.p/util_pagesize.c.o
[538/2125] Compiling C object libqemuutil.a.p/qobject_json-parser.c.o
[539/2125] Compiling C object libqemuutil.a.p/util_base64.c.o
[540/2125] Compiling C object libqemuutil.a.p/util_qemu-print.c.o
[541/2125] Compiling C object libqemuutil.a.p/util_thread-pool.c.o
[542/2125] Compiling C object libqemuutil.a.p/util_bitops.c.o
[543/2125] Compiling C object libqemuutil.a.p/trace_qmp.c.o
[544/2125] Compiling C object libqemuutil.a.p/qobject_json-writer.c.o
[545/2125] Compiling C object libqemuutil.a.p/util_block-helpers.c.o
[546/2125] Compiling C object libqemuutil.a.p/util_dbus.c.o
[547/2125] Compiling C object libqemuutil.a.p/util_readline.c.o
[548/2125] Compiling C object libqemuutil.a.p/qapi_qapi-visit-core.c.o
[549/2125] Compiling C object libqemuutil.a.p/util_rcu.c.o
[550/2125] Compiling C object libqemuutil.a.p/util_vfio-helpers.c.o
[551/2125] Compiling C object libqemuutil.a.p/util_qemu-option.c.o
[552/2125] Compiling C object libqemuutil.a.p/qapi_qmp-event.c.o
[553/2125] Compiling C object libqemuutil.a.p/qobject_qlist.c.o
[554/2125] Compiling C object libqemuutil.a.p/util_qsp.c.o
[555/2125] Compiling C object libqemuutil.a.p/util_qemu-thread-posix.c.o
[556/2125] Compiling C object libqemuutil.a.p/crypto_random-platform.c.o
[557/2125] Compiling C object libqemuutil.a.p/qobject_qjson.c.o
[558/2125] Compiling C object libqemuutil.a.p/qobject_qnull.c.o
[559/2125] Compiling C object libqemuutil.a.p/qapi_qapi-clone-visitor.c.o
[560/2125] Compiling C object libqemuutil.a.p/util_memfd.c.o
[561/2125] Compiling C object libqemuutil.a.p/util_drm.c.o
[562/2125] Compiling C object libqemuutil.a.p/util_cacheflush.c.o
[563/2125] Compiling C object libqemuutil.a.p/util_filemonitor-inotify.c.o
[564/2125] Compiling C object libqemuutil.a.p/util_qemu-error.c.o
[565/2125] Compiling C object libqemuutil.a.p/qapi_qmp-registry.c.o
[566/2125] Compiling C object libqemuutil.a.p/util_qemu-coroutine.c.o
[567/2125] Compiling C object libqemuutil.a.p/util_oslib-posix.c.o
[568/2125] Compiling C object libqemuutil.a.p/qobject_qdict.c.o
[569/2125] Compiling C object libqemuutil.a.p/qapi_opts-visitor.c.o
[570/2125] Compiling C object libqemuutil.a.p/util_uuid.c.o
[571/2125] Compiling C object libqemuutil.a.p/util_getauxval.c.o
[572/2125] Compiling C object libqemuutil.a.p/util_qemu-openpty.c.o
[573/2125] Compiling C object libqemuutil.a.p/util_vhost-user-server.c.o
[574/2125] Compiling C object libqemuutil.a.p/stubs_iothread.c.o
[575/2125] Compiling C object libqemuutil.a.p/util_userfaultfd.c.o
[576/2125] Compiling C object libqemuutil.a.p/util_iova-tree.c.o
[577/2125] Compiling C object libqemuutil.a.p/stubs_cpu-get-clock.c.o
[578/2125] Compiling C object libqemuutil.a.p/stubs_qtest.c.o
[579/2125] Compiling C object libqemuutil.a.p/util_bufferiszero.c.o
[580/2125] Compiling C object libqemuutil.a.p/stubs_get-vm-name.c.o
[581/2125] Compiling C object libqemuutil.a.p/stubs_vmgenid.c.o
[582/2125] Compiling C object libqemuutil.a.p/stubs_vm-stop.c.o
[583/2125] Compiling C object libqemuutil.a.p/stubs_is-daemonized.c.o
[584/2125] Compiling C object libqemuutil.a.p/stubs_semihost.c.o
[585/2125] Compiling C object libqemuutil.a.p/stubs_runstate-check.c.o
[586/2125] Compiling C object libqemuutil.a.p/util_uri.c.o
[587/2125] Compiling C object libqemuutil.a.p/stubs_replay-tools.c.o
[588/2125] Compiling C object libqemuutil.a.p/stubs_qmp-command-available.c.o
[589/2125] Compiling C object libqemuutil.a.p/stubs_blockdev-close-all-bdrv-states.c.o
[590/2125] Compiling C object libqemuutil.a.p/stubs_cpus-get-virtual-clock.c.o
[591/2125] Compiling C object libqemuutil.a.p/stubs_ram-block.c.o
[592/2125] Compiling C object libqemuutil.a.p/stubs_uuid.c.o
[593/2125] Compiling C object libqemuutil.a.p/stubs_arch_type.c.o
[594/2125] Compiling C object libqemuutil.a.p/stubs_xen-hw-stub.c.o
[595/2125] Compiling C object libqemuutil.a.p/stubs_pci-host-piix.c.o
[596/2125] Compiling C object libqemuutil.a.p/stubs_dump.c.o
[597/2125] Compiling C object libqemuutil.a.p/stubs_trace-control.c.o
[598/2125] Compiling C object libqemuutil.a.p/stubs_qmp_memory_device.c.o
[599/2125] Compiling C object libqemuutil.a.p/stubs_cmos.c.o
[600/2125] Compiling C object libqemuutil.a.p/stubs_qemu-timer-notify-cb.c.o
[601/2125] Compiling C object libqemuutil.a.p/stubs_icount.c.o
[602/2125] Compiling C object libqemuutil.a.p/stubs_blk-commit-all.c.o
[603/2125] Compiling C object libqemuutil.a.p/stubs_cpu-synchronize-state.c.o
[604/2125] Compiling C object libqemuutil.a.p/stubs_pci-bus.c.o
[605/2125] Compiling C object libqemuutil.a.p/stubs_sysbus.c.o
[606/2125] Compiling C object libqemuutil.a.p/stubs_bdrv-next-monitor-owned.c.o
[607/2125] Compiling C object libqemuutil.a.p/stubs_fdset.c.o
[608/2125] Compiling C object libqemuutil.a.p/stubs_tpm.c.o
[609/2125] Compiling C object libqemuutil.a.p/stubs_ramfb.c.o
[610/2125] Compiling C object libqemuutil.a.p/stubs_change-state-handler.c.o
[611/2125] Compiling C object libqemuutil.a.p/stubs_replay.c.o
[612/2125] Compiling C object libqemuutil.a.p/stubs_isa-bus.c.o
[613/2125] Compiling C object libqemuutil.a.p/stubs_error-printf.c.o
[614/2125] Compiling C object libqemuutil.a.p/stubs_win32-kbd-hook.c.o
[615/2125] Compiling C object libqemuutil.a.p/stubs_fw_cfg.c.o
[616/2125] Compiling C object libqemuutil.a.p/stubs_monitor.c.o
[617/2125] Compiling C object libqemuutil.a.p/stubs_target-get-monitor-def.c.o
[618/2125] Compiling C object libqemuutil.a.p/stubs_migr-blocker.c.o
[619/2125] Compiling C object libqemuutil.a.p/stubs_monitor-core.c.o
[620/2125] Compiling C object libqemuutil.a.p/stubs_vmstate.c.o
[621/2125] Compiling C object libqemuutil.a.p/stubs_iothread-lock.c.o
[622/2125] Compiling C object libqemuutil.a.p/stubs_blk-exp-close-all.c.o
[623/2125] Compiling C object libqemuutil.a.p/stubs_target-monitor-defs.c.o
[624/2125] Compiling C object libqemuutil.a.p/stubs_gdbstub.c.o
[625/2125] Compiling C object tests/qtest/libqos/libqos.fa.p/qos_external.c.o
[626/2125] Linking static target libqemuutil.a
[627/2125] Compiling C object tests/qtest/libqos/libqos.fa.p/fw_cfg.c.o
[628/2125] Compiling C object tests/qtest/libqos/libqos.fa.p/qgraph.c.o
[629/2125] Compiling C object tests/qtest/libqos/libqos.fa.p/pci.c.o
[630/2125] Compiling C object tests/qtest/libqos/libqos.fa.p/malloc.c.o
[631/2125] Compiling C object tests/qtest/libqos/libqos.fa.p/libqos-spapr.c.o
[632/2125] Compiling C object tests/qtest/libqos/libqos.fa.p/malloc-spapr.c.o
[633/2125] Compiling C object tests/qtest/libqos/libqos.fa.p/libqos.c.o
[634/2125] Compiling C object tests/qtest/libqos/libqos.fa.p/rtas.c.o
[635/2125] Compiling C object tests/qtest/libqos/libqos.fa.p/pci-spapr.c.o
[636/2125] Compiling C object tests/qtest/libqos/libqos.fa.p/malloc-pc.c.o
[637/2125] Compiling C object tests/qtest/libqos/libqos.fa.p/libqos-pc.c.o
[638/2125] Compiling C object tests/qtest/libqos/libqos.fa.p/pci-pc.c.o
[639/2125] Compiling C object tests/qtest/libqos/libqos.fa.p/usb.c.o
[640/2125] Compiling C object tests/qtest/libqos/libqos.fa.p/.._libqtest.c.o
[641/2125] Compiling C object tests/qtest/libqos/libqos.fa.p/i2c.c.o
[642/2125] Compiling C object tests/qtest/libqos/libqos.fa.p/i2c-omap.c.o
[643/2125] Compiling C object tests/qtest/libqos/libqos.fa.p/tpci200.c.o
[644/2125] Compiling C object tests/qtest/libqos/libqos.fa.p/e1000e.c.o
[645/2125] Compiling C object tests/qtest/libqos/libqos.fa.p/sdhci.c.o
[646/2125] Compiling C object tests/qtest/libqos/libqos.fa.p/virtio-balloon.c.o
[647/2125] Compiling C object tests/qtest/libqos/libqos.fa.p/i2c-imx.c.o
[648/2125] Compiling C object tests/qtest/libqos/libqos.fa.p/virtio-blk.c.o
[649/2125] Compiling C object tests/qtest/libqos/libqos.fa.p/virtio-9p.c.o
[650/2125] Compiling C object tests/qtest/libqos/libqos.fa.p/ahci.c.o
[651/2125] Compiling C object tests/qtest/libqos/libqos.fa.p/virtio-mmio.c.o
[652/2125] Compiling C object tests/qtest/libqos/libqos.fa.p/virtio-rng.c.o
[653/2125] Compiling C object tests/qtest/libqos/libqos.fa.p/virtio.c.o
[654/2125] Compiling C object tests/qtest/libqos/libqos.fa.p/virtio-net.c.o
[655/2125] Compiling C object tests/qtest/libqos/libqos.fa.p/virtio-pci-modern.c.o
[656/2125] Compiling C object tests/qtest/libqos/libqos.fa.p/virtio-scsi.c.o
[657/2125] Compiling C object tests/qtest/libqos/libqos.fa.p/virtio-serial.c.o
[658/2125] Compiling C object tests/qtest/libqos/libqos.fa.p/arm-imx25-pdk-machine.c.o
[659/2125] Compiling C object tests/qtest/libqos/libqos.fa.p/virtio-pci.c.o
[660/2125] Compiling C object tests/qtest/libqos/libqos.fa.p/aarch64-xlnx-zcu102-machine.c.o
[661/2125] Compiling C object tests/qtest/libqos/libqos.fa.p/arm-n800-machine.c.o
[662/2125] Compiling C object tests/qtest/libqos/libqos.fa.p/arm-raspi2-machine.c.o
[663/2125] Compiling C object tests/qtest/libqos/libqos.fa.p/arm-virt-machine.c.o
[664/2125] Compiling C object tests/qtest/libqos/libqos.fa.p/arm-sabrelite-machine.c.o
[665/2125] Compiling C object tests/qtest/libqos/libqos.fa.p/arm-smdkc210-machine.c.o
[666/2125] Compiling C object tests/qtest/libqos/libqos.fa.p/arm-xilinx-zynq-a9-machine.c.o
[667/2125] Compiling C object tests/qtest/libqos/libqos.fa.p/ppc64_pseries-machine.c.o
[668/2125] Compiling C object tests/qtest/libqos/libqos.fa.p/x86_64_pc-machine.c.o
[669/2125] Linking static target tests/qtest/libqos/libqos.fa
[670/2125] Compiling C object libqom.fa.p/qom_qom-qobject.c.o
[671/2125] Generating block.syms with a meson_exe.py custom command
[672/2125] Generating qemu.syms with a meson_exe.py custom command
[673/2125] Compiling C object libqom.fa.p/qom_container.c.o
[674/2125] Compiling C object libqom.fa.p/qom_object_interfaces.c.o
[675/2125] Compiling C object libqom.fa.p/hw_nvram_fw_cfg-interface.c.o
[676/2125] Compiling C object libauthz.fa.p/authz_list.c.o
[677/2125] Compiling C object libcrypto.fa.p/crypto_hash-glib.c.o
[678/2125] Compiling C object libauthz.fa.p/authz_simple.c.o
[679/2125] Compiling C object libcrypto.fa.p/crypto_tlssession.c.o
[680/2125] Compiling C object libauthz.fa.p/authz_base.c.o
[681/2125] Compiling C object libauthz.fa.p/authz_listfile.c.o
[682/2125] Compiling C object libcrypto.fa.p/crypto_hmac-glib.c.o
[683/2125] Linking static target libauthz.fa
[684/2125] Compiling C object libcrypto.fa.p/crypto_ivgen-plain.c.o
[685/2125] Compiling C object libcrypto.fa.p/crypto_tlscredspsk.c.o
[686/2125] Compiling C object libcrypto.fa.p/crypto_tlscreds.c.o
[687/2125] Compiling C object libcrypto.fa.p/crypto_desrfb.c.o
[688/2125] Compiling C object libcrypto.fa.p/crypto_block.c.o
[689/2125] Compiling C object libcrypto.fa.p/crypto_xts.c.o
[690/2125] Compiling C object libcrypto.fa.p/crypto_pbkdf-stub.c.o
[691/2125] Compiling C object libcrypto.fa.p/crypto_pbkdf.c.o
[692/2125] Compiling C object libcrypto.fa.p/crypto_cipher.c.o
[693/2125] Compiling C object libcrypto.fa.p/crypto_hash.c.o
[694/2125] Compiling C object libcrypto.fa.p/crypto_block-luks.c.o
[695/2125] Compiling C object libcrypto.fa.p/crypto_block-qcow.c.o
[696/2125] Compiling C object libqom.fa.p/qom_object.c.o
[697/2125] Compiling C object libcrypto.fa.p/crypto_secret.c.o
[698/2125] Compiling C object libcrypto.fa.p/crypto_ivgen.c.o
[699/2125] Linking static target libqom.fa
[700/2125] Compiling C object libcrypto.fa.p/crypto_ivgen-essiv.c.o
[701/2125] Compiling C object libcrypto.fa.p/crypto_secret_common.c.o
[702/2125] Compiling C object libcrypto.fa.p/crypto_tlscredsx509.c.o
[703/2125] Compiling C object libcrypto.fa.p/crypto_secret_keyring.c.o
[704/2125] Compiling C object libcrypto.fa.p/crypto_ivgen-plain64.c.o
[705/2125] Compiling C object libcrypto.fa.p/crypto_hmac.c.o
[706/2125] Compiling C object libcrypto.fa.p/crypto_tlscredsanon.c.o
[707/2125] Compiling C object libio.fa.p/io_channel-watch.c.o
[708/2125] Compiling C object libcrypto.fa.p/crypto_afsplit.c.o
[709/2125] Compiling C object libio.fa.p/io_channel-file.c.o
[710/2125] Compiling C object libio.fa.p/io_channel-buffer.c.o
[711/2125] Linking static target libcrypto.fa
[712/2125] Compiling C object libio.fa.p/io_channel-command.c.o
[713/2125] Compiling C object libio.fa.p/io_channel-util.c.o
[714/2125] Compiling C object libio.fa.p/io_channel-tls.c.o
[715/2125] Compiling C object libio.fa.p/io_dns-resolver.c.o
[716/2125] Compiling C object libio.fa.p/io_channel.c.o
[717/2125] Compiling C object libio.fa.p/io_channel-websock.c.o
[718/2125] Compiling C object libio.fa.p/io_task.c.o
[719/2125] Compiling C object libmigration.fa.p/migration_page_cache.c.o
[720/2125] Compiling C object libio.fa.p/io_net-listener.c.o
[721/2125] Compiling C object libio.fa.p/io_channel-socket.c.o
[722/2125] Compiling C object libmigration.fa.p/migration_xbzrle.c.o
[723/2125] Linking static target libio.fa
[724/2125] Compiling C object libmigration.fa.p/migration_yank_functions.c.o
[725/2125] Compiling C object libmigration.fa.p/migration_qemu-file-channel.c.o
[726/2125] Compiling C object libblock.fa.p/block_blkverify.c.o
[727/2125] Compiling C object libmigration.fa.p/migration_vmstate-types.c.o
[728/2125] Compiling C object libblock.fa.p/meson-generated_.._block_block-gen.c.o
[729/2125] Compiling C object libmigration.fa.p/migration_qemu-file.c.o
[730/2125] Compiling C object libmigration.fa.p/migration_vmstate.c.o
[731/2125] Compiling C object libblock.fa.p/block_commit.c.o
[732/2125] Linking static target libmigration.fa
[733/2125] Compiling C object libblock.fa.p/block_blklogwrites.c.o
[734/2125] Compiling C object libblock.fa.p/block_write-threshold.c.o
[735/2125] Compiling C object libblock.fa.p/block_amend.c.o
[736/2125] Compiling C object libblock.fa.p/block_throttle-groups.c.o
[737/2125] Compiling C object libblock.fa.p/nbd_common.c.o
[738/2125] Compiling C object libblock.fa.p/replication.c.o
[739/2125] Compiling C object libblock.fa.p/block_nbd.c.o
[740/2125] Compiling C object libblock.fa.p/block_null.c.o
[741/2125] Compiling C object libblock.fa.p/qemu-io-cmds.c.o
[742/2125] Compiling C object libblock.fa.p/block_qcow2-snapshot.c.o
[743/2125] Compiling C object libblock.fa.p/block_file-posix.c.o
[744/2125] Compiling C object libblock.fa.p/scsi_pr-manager.c.o
[745/2125] Compiling C object libblock.fa.p/block_block-copy.c.o
[746/2125] Compiling C object libblock.fa.p/block_stream.c.o
[747/2125] Compiling C object libblock.fa.p/block_cloop.c.o
[748/2125] Compiling C object libblock.fa.p/block_vhdx-log.c.o
[749/2125] Compiling C object libblock.fa.p/block_blkdebug.c.o
[750/2125] Compiling C object libblock.fa.p/block_create.c.o
[751/2125] Compiling C object libblock.fa.p/block_crypto.c.o
[752/2125] Compiling C object libblock.fa.p/block_qcow2-bitmap.c.o
[753/2125] Compiling C object libblock.fa.p/block_vpc.c.o
[754/2125] Compiling C object libblock.fa.p/block_backup-top.c.o
[755/2125] Compiling C object libblock.fa.p/block_qcow2-cache.c.o
[756/2125] Compiling C object libblock.fa.p/block_qcow2-threads.c.o
[757/2125] Compiling C object libblock.fa.p/block_quorum.c.o
[758/2125] Compiling C object libblock.fa.p/block_raw-format.c.o
[759/2125] Compiling C object libblock.fa.p/block_vhdx.c.o
[760/2125] Compiling C object libblock.fa.p/block_qcow.c.o
[761/2125] Compiling C object libblock.fa.p/block_preallocate.c.o
[762/2125] Compiling C object libblock.fa.p/block_copy-on-read.c.o
[763/2125] Compiling C object libblock.fa.p/blockjob.c.o
[764/2125] Compiling C object libblock.fa.p/block_nvme.c.o
[765/2125] Compiling C object libblock.fa.p/block_qapi.c.o
[766/2125] Compiling C object libblock.fa.p/block_throttle.c.o
[767/2125] Compiling C object libblock.fa.p/block_bochs.c.o
[768/2125] Compiling C object libblock.fa.p/block_qcow2-cluster.c.o
[769/2125] Compiling C object libblock.fa.p/block_backup.c.o
[770/2125] Compiling C object libblock.fa.p/scsi_pr-manager-helper.c.o
[771/2125] Compiling C object libblock.fa.p/block_dirty-bitmap.c.o
[772/2125] Compiling C object libblock.fa.p/block_io.c.o
[773/2125] Compiling C object libblock.fa.p/block_monitor_bitmap-qmp-cmds.c.o
[774/2125] Compiling C object libblock.fa.p/block_filter-compress.c.o
[775/2125] Compiling C object libblock.fa.p/block_replication.c.o
[776/2125] Compiling C object libblock.fa.p/block_qcow2-refcount.c.o
[777/2125] Compiling C object libblock.fa.p/block_vhdx-endian.c.o
[778/2125] Compiling C object libblock.fa.p/block_qed-cluster.c.o
[779/2125] Compiling C object libblock.fa.p/block_mirror.c.o
[780/2125] Compiling C object libblock.fa.p/block_qed-l2-cache.c.o
[781/2125] Compiling C object libblock.fa.p/block_snapshot.c.o
[782/2125] Compiling C object libblock.fa.p/block_qed-table.c.o
[783/2125] Compiling C object libblock.fa.p/block_qed-check.c.o
[784/2125] Compiling C object libblock.fa.p/block_vmdk.c.o
[785/2125] Compiling C object libblock.fa.p/block_aio_task.c.o
[786/2125] Compiling C object libblock.fa.p/scsi_utils.c.o
[787/2125] Compiling C object libblock.fa.p/block_dmg.c.o
[788/2125] Compiling C object libblock.fa.p/block.c.o
[789/2125] Compiling C object libblock.fa.p/block_block-backend.c.o
[790/2125] Compiling C object libblock.fa.p/block_vvfat.c.o
[791/2125] Compiling C object libblock.fa.p/block_qcow2.c.o
[792/2125] Compiling C object libblock.fa.p/block_accounting.c.o
[793/2125] Compiling C object libblock.fa.p/block_qed.c.o
[794/2125] Compiling C object libblock.fa.p/nbd_client.c.o
[795/2125] Compiling C object libblockdev.fa.p/os-posix.c.o
[796/2125] Compiling C object libblockdev.fa.p/blockdev-nbd.c.o
[797/2125] Compiling C object libblockdev.fa.p/job-qmp.c.o
[798/2125] Compiling C object libblock.fa.p/block_vdi.c.o
[799/2125] Compiling C object libblock.fa.p/job.c.o
[800/2125] Compiling C object libblockdev.fa.p/iothread.c.o
[801/2125] Linking static target libblock.fa
[802/2125] Compiling C object libblockdev.fa.p/block_export_vhost-user-blk-server.c.o
[803/2125] Compiling C object libblockdev.fa.p/block_export_export.c.o
[804/2125] Compiling C object libqmp.fa.p/qom_qom-qmp-cmds.c.o
[805/2125] Compiling C object libchardev.fa.p/chardev_char-serial.c.o
[806/2125] Compiling C object libqmp.fa.p/monitor_qmp-cmds-control.c.o
[807/2125] Compiling C object libqmp.fa.p/monitor_monitor.c.o
[808/2125] Compiling C object libchardev.fa.p/chardev_char-parallel.c.o
[809/2125] Compiling C object libqmp.fa.p/monitor_qmp.c.o
[810/2125] Linking static target libqmp.fa
[811/2125] Compiling C object libchardev.fa.p/chardev_char-stdio.c.o
[812/2125] Compiling C object libchardev.fa.p/chardev_char-pty.c.o
[813/2125] Compiling C object libchardev.fa.p/chardev_char-pipe.c.o
[814/2125] Compiling C object libchardev.fa.p/chardev_char-udp.c.o
[815/2125] Compiling C object libchardev.fa.p/chardev_char-file.c.o
[816/2125] Compiling C object libchardev.fa.p/chardev_char-ringbuf.c.o
[817/2125] Compiling C object libchardev.fa.p/chardev_char-null.c.o
[818/2125] Compiling C object libblockdev.fa.p/nbd_server.c.o
[819/2125] Compiling C object libblockdev.fa.p/blockdev.c.o
[820/2125] Compiling C object libchardev.fa.p/chardev_char-fe.c.o
[821/2125] Compiling C object libchardev.fa.p/chardev_char.c.o
[822/2125] Linking static target libblockdev.fa
[823/2125] Compiling C object libchardev.fa.p/chardev_char-io.c.o
[824/2125] Compiling C object libchardev.fa.p/chardev_char-fd.c.o
[825/2125] Compiling C object libchardev.fa.p/chardev_char-mux.c.o
[826/2125] Compiling C object libhwcore.fa.p/hw_core_hotplug.c.o
[827/2125] Compiling C object libhwcore.fa.p/hw_core_reset.c.o
[828/2125] Compiling C object libhwcore.fa.p/hw_core_vmstate-if.c.o
[829/2125] Compiling C object libhwcore.fa.p/hw_core_bus.c.o
[830/2125] Compiling C object libhwcore.fa.p/hw_core_qdev-properties.c.o
[831/2125] Compiling C object libhwcore.fa.p/hw_core_irq.c.o
[832/2125] Compiling C object libchardev.fa.p/chardev_char-socket.c.o
[833/2125] Compiling C object libhwcore.fa.p/hw_core_qdev-clock.c.o
[834/2125] Linking static target libchardev.fa
[835/2125] Compiling C object libhwcore.fa.p/hw_core_resettable.c.o
[836/2125] Compiling C object libhwcore.fa.p/hw_core_clock.c.o
[837/2125] Compiling C object libhwcore.fa.p/hw_core_qdev.c.o
[838/2125] Linking static target libhwcore.fa
[839/2125] Compiling C object libcommon.fa.p/hw_watchdog_watchdog.c.o
[840/2125] Compiling C object libcommon.fa.p/hw_ipack_ipack.c.o
[841/2125] Compiling C object libcommon.fa.p/hw_dma_sifive_pdma.c.o
[842/2125] Compiling C object libcommon.fa.p/hw_core_fw-path-provider.c.o
[843/2125] Compiling C object libcommon.fa.p/hw_usb_dev-uas.c.o
[844/2125] Compiling C object libcommon.fa.p/replay_replay-events.c.o
[845/2125] Compiling C object libcommon.fa.p/migration_vmstate-types.c.o
[846/2125] Compiling C object libcommon.fa.p/hw_core_qdev-properties-system.c.o
[847/2125] Compiling C object libcommon.fa.p/hw_net_can_can_kvaser_pci.c.o
[848/2125] Compiling C object libcommon.fa.p/hw_net_can_can_pcm3680_pci.c.o
[849/2125] Compiling C object libcommon.fa.p/net_can_can_host.c.o
[850/2125] Compiling C object libcommon.fa.p/hw_core_clock-vmstate.c.o
[851/2125] Compiling C object libcommon.fa.p/backends_rng-egd.c.o
[852/2125] Compiling C object libcommon.fa.p/hw_input_hid.c.o
[853/2125] Compiling C object libcommon.fa.p/backends_rng.c.o
[854/2125] Compiling C object libcommon.fa.p/hw_display_edid-region.c.o
[855/2125] Compiling C object libcommon.fa.p/audio_wavaudio.c.o
[856/2125] Compiling C object libcommon.fa.p/hw_usb_hcd-uhci.c.o
[857/2125] Compiling C object libcommon.fa.p/hw_acpi_aml-build-stub.c.o
[858/2125] Compiling C object libcommon.fa.p/ui_vnc-jobs.c.o
[859/2125] Compiling C object libcommon.fa.p/hw_audio_soundhw.c.o
[860/2125] Compiling C object libcommon.fa.p/hw_net_can_ctucan_pci.c.o
[861/2125] Compiling C object libcommon.fa.p/hw_core_null-machine.c.o
[862/2125] Compiling C object libcommon.fa.p/migration_colo.c.o
[863/2125] Compiling C object libcommon.fa.p/net_socket.c.o
[864/2125] Compiling C object libcommon.fa.p/net_can_can_core.c.o
[865/2125] Compiling C object libcommon.fa.p/hw_display_vhost-user-gpu.c.o
[866/2125] Compiling C object libcommon.fa.p/hw_display_virtio-gpu-base.c.o
[867/2125] Compiling C object libcommon.fa.p/monitor_hmp-cmds.c.o
[868/2125] Compiling C object libcommon.fa.p/hw_misc_pvpanic-pci.c.o
[869/2125] Compiling C object libcommon.fa.p/hw_usb_hcd-ohci.c.o
[870/2125] Compiling C object libcommon.fa.p/net_colo-compare.c.o
[871/2125] Compiling C object libcommon.fa.p/migration_vmstate.c.o
[872/2125] Compiling C object libcommon.fa.p/hw_pci_pcie_aer.c.o
[873/2125] Compiling C object libcommon.fa.p/hw_audio_intel-hda.c.o
[874/2125] Compiling C object libcommon.fa.p/backends_hostmem-memfd.c.o
[875/2125] Compiling C object libcommon.fa.p/fsdev_qemu-fsdev-throttle.c.o
[876/2125] Compiling C object libcommon.fa.p/hw_scsi_scsi-bus.c.o
[877/2125] Compiling C object libcommon.fa.p/backends_rng-builtin.c.o
[878/2125] Compiling C object libcommon.fa.p/backends_cryptodev-vhost.c.o
[879/2125] Compiling C object libcommon.fa.p/hw_scsi_vmw_pvscsi.c.o
[880/2125] Compiling C object libcommon.fa.p/fsdev_qemu-fsdev-opts.c.o
[881/2125] Compiling C object libcommon.fa.p/migration_block-dirty-bitmap.c.o
[882/2125] Compiling C object libcommon.fa.p/hw_misc_sifive_test.c.o
[883/2125] Compiling C object libcommon.fa.p/migration_multifd.c.o
[884/2125] Compiling C object libcommon.fa.p/ui_vnc-enc-hextile.c.o
[885/2125] Compiling C object libcommon.fa.p/hw_net_vhost_net.c.o
[886/2125] Compiling C object libcommon.fa.p/net_vhost-vdpa.c.o
[887/2125] Compiling C object libcommon.fa.p/hw_scsi_emulation.c.o
[888/2125] Compiling C object libcommon.fa.p/hw_block_cdrom.c.o
[889/2125] Compiling C object libcommon.fa.p/net_filter.c.o
[890/2125] Compiling C object libcommon.fa.p/net_filter-replay.c.o
[891/2125] Compiling C object libcommon.fa.p/hw_net_can_can_mioe3680_pci.c.o
[892/2125] Compiling C object libcommon.fa.p/hw_display_ati_2d.c.o
[893/2125] Compiling C object libcommon.fa.p/hw_usb_hcd-xhci-pci.c.o
[894/2125] Compiling C object libcommon.fa.p/ui_vnc.c.o
[895/2125] Compiling C object libcommon.fa.p/hw_net_eepro100.c.o
[896/2125] Compiling C object libcommon.fa.p/hw_usb_pcap.c.o
[897/2125] Compiling C object libcommon.fa.p/hw_sd_sd.c.o
[898/2125] Compiling C object libcommon.fa.p/ui_input-barrier.c.o
[899/2125] Compiling C object libcommon.fa.p/hw_audio_ac97.c.o
[900/2125] Compiling C object libcommon.fa.p/ui_vnc-enc-zrle.c.o
[901/2125] Compiling C object libcommon.fa.p/hw_usb_dev-network.c.o
[902/2125] Compiling C object libcommon.fa.p/hw_display_virtio-gpu-pci.c.o
[903/2125] Compiling C object libcommon.fa.p/migration_colo-failover.c.o
[904/2125] Compiling C object libcommon.fa.p/hw_misc_sifive_u_prci.c.o
[905/2125] Compiling C object libcommon.fa.p/hw_net_net_tx_pkt.c.o
[906/2125] Compiling C object libcommon.fa.p/ui_vnc-auth-vencrypt.c.o
[907/2125] Compiling C object libcommon.fa.p/ui_spice-module.c.o
[908/2125] Compiling C object libcommon.fa.p/migration_fd.c.o
[909/2125] Compiling C object libcommon.fa.p/migration_xbzrle.c.o
[910/2125] Compiling C object libcommon.fa.p/net_queue.c.o
[911/2125] Compiling C object libcommon.fa.p/audio_mixeng.c.o
[912/2125] Compiling C object libcommon.fa.p/hw_pci_pci.c.o
[913/2125] Compiling C object libcommon.fa.p/migration_block.c.o
[914/2125] Compiling C object libcommon.fa.p/hw_ipack_tpci200.c.o
[915/2125] Compiling C object libcommon.fa.p/hw_input_virtio-input-host.c.o
[916/2125] Compiling C object libcommon.fa.p/hw_char_serial.c.o
[917/2125] Compiling C object libcommon.fa.p/net_filter-mirror.c.o
[918/2125] Compiling C object libcommon.fa.p/hw_char_sifive_uart.c.o
[919/2125] Compiling C object libcommon.fa.p/migration_savevm.c.o
[920/2125] Compiling C object libcommon.fa.p/hw_misc_edu.c.o
[921/2125] Compiling C object libcommon.fa.p/net_filter-rewriter.c.o
[922/2125] Compiling C object libcommon.fa.p/replay_replay-input.c.o
[923/2125] Compiling C object libcommon.fa.p/disas_i386.c.o
[924/2125] Compiling C object libcommon.fa.p/replay_replay.c.o
[925/2125] Compiling C object libcommon.fa.p/hw_pci_pcie_port.c.o
[926/2125] Compiling C object libcommon.fa.p/hw_scsi_scsi-generic.c.o
[927/2125] Compiling C object libcommon.fa.p/hw_misc_pvpanic.c.o
[928/2125] Compiling C object libcommon.fa.p/hw_char_cadence_uart.c.o
[929/2125] Compiling C object libcommon.fa.p/hw_usb_hcd-ehci.c.o
[930/2125] Compiling C object libcommon.fa.p/hw_misc_pci-testdev.c.o
[931/2125] Compiling C object libcommon.fa.p/audio_ossaudio.c.o
[932/2125] Compiling C object libcommon.fa.p/hw_sd_sdmmc-internal.c.o
[933/2125] Compiling C object libcommon.fa.p/hw_sd_cadence_sdhci.c.o
[934/2125] Compiling C object libcommon.fa.p/hw_watchdog_wdt_i6300esb.c.o
[935/2125] Compiling C object libcommon.fa.p/backends_tpm_tpm_backend.c.o
[936/2125] Compiling C object libcommon.fa.p/net_net.c.o
[937/2125] Compiling C object libcommon.fa.p/hw_pci-host_gpex.c.o
[938/2125] Compiling C object libcommon.fa.p/hw_scsi_mptconfig.c.o
[939/2125] Compiling C object libcommon.fa.p/hw_block_nvme-dif.c.o
[940/2125] Compiling C object libcommon.fa.p/hw_net_e1000e_core.c.o
[941/2125] Compiling C object libcommon.fa.p/hw_display_vga-pci.c.o
[942/2125] Compiling C object libcommon.fa.p/hw_usb_dev-storage-classic.c.o
[943/2125] Compiling C object libcommon.fa.p/hw_net_e1000x_common.c.o
[944/2125] Compiling C object libcommon.fa.p/migration_qemu-file-channel.c.o
[945/2125] Compiling C object libcommon.fa.p/replay_replay-random.c.o
[946/2125] Compiling C object libcommon.fa.p/hw_usb_bus.c.o
[947/2125] Compiling C object libcommon.fa.p/hw_misc_unimp.c.o
[948/2125] Compiling C object libcommon.fa.p/hw_pci-bridge_pcie_pci_bridge.c.o
[949/2125] Compiling C object libcommon.fa.p/net_slirp.c.o
[950/2125] Compiling C object libcommon.fa.p/hw_core_sysbus.c.o
[951/2125] Compiling C object libcommon.fa.p/hw_pci_pcie_host.c.o
[952/2125] Compiling C object libcommon.fa.p/hw_usb_dev-serial.c.o
[953/2125] Compiling C object libcommon.fa.p/net_tap.c.o
[954/2125] Compiling C object libcommon.fa.p/migration_postcopy-ram.c.o
[955/2125] Compiling C object libcommon.fa.p/hw_misc_ivshmem.c.o
[956/2125] Compiling C object libcommon.fa.p/migration_migration.c.o
[957/2125] Compiling C object libcommon.fa.p/hw_core_loader.c.o
[958/2125] Compiling C object libcommon.fa.p/hw_usb_desc-msos.c.o
[959/2125] Compiling C object libcommon.fa.p/net_colo.c.o
[960/2125] Compiling C object libcommon.fa.p/hw_block_nvme-subsys.c.o
[961/2125] Compiling C object libcommon.fa.p/hw_smbios_smbios-stub.c.o
[962/2125] Compiling C object libcommon.fa.p/softmmu_tpm.c.o
[963/2125] Compiling C object libcommon.fa.p/hw_virtio_virtio-mmio.c.o
[964/2125] Compiling C object libcommon.fa.p/migration_multifd-zlib.c.o
[965/2125] Compiling C object libcommon.fa.p/softmmu_device_tree.c.o
[966/2125] Compiling C object libcommon.fa.p/hw_sd_sdhci.c.o
[967/2125] Compiling C object libcommon.fa.p/hw_usb_hcd-ohci-pci.c.o
[968/2125] Compiling C object libcommon.fa.p/hw_usb_dev-audio.c.o
[969/2125] Compiling C object libcommon.fa.p/hw_char_serial-pci.c.o
[970/2125] Compiling C object libcommon.fa.p/migration_socket.c.o
[971/2125] Compiling C object libcommon.fa.p/ui_vnc-enc-tight.c.o
[972/2125] Compiling C object libcommon.fa.p/hw_ide_atapi.c.o
[973/2125] Compiling C object libcommon.fa.p/hw_block_block.c.o
[974/2125] Compiling C object libcommon.fa.p/net_eth.c.o
[975/2125] Compiling C object libcommon.fa.p/softmmu_dma-helpers.c.o
[976/2125] Compiling C object libcommon.fa.p/hw_pci_pci_bridge.c.o
[977/2125] Compiling C object libcommon.fa.p/hw_core_guest-loader.c.o
[978/2125] Compiling C object libcommon.fa.p/replay_replay-debugging.c.o
[979/2125] Compiling C object libcommon.fa.p/qom_qom-hmp-cmds.c.o
[980/2125] Compiling C object libcommon.fa.p/ui_vnc-enc-zlib.c.o
[981/2125] Compiling C object libcommon.fa.p/hw_usb_dev-hub.c.o
[982/2125] Compiling C object libcommon.fa.p/hw_pci_pcie.c.o
[983/2125] Compiling C object libcommon.fa.p/hw_scsi_scsi-disk.c.o
[984/2125] Compiling C object libcommon.fa.p/hw_virtio_virtio-bus.c.o
[985/2125] Compiling C object libcommon.fa.p/hw_display_bochs-display.c.o
[986/2125] Compiling C object libcommon.fa.p/hw_usb_imx-usb-phy.c.o
[987/2125] Compiling C object libcommon.fa.p/chardev_wctablet.c.o
[988/2125] Compiling C object libcommon.fa.p/hw_pci-bridge_gen_pcie_root_port.c.o
[989/2125] Compiling C object libcommon.fa.p/hw_net_rtl8139.c.o
[990/2125] Compiling C object libcommon.fa.p/hw_intc_intc.c.o
[991/2125] Compiling C object libcommon.fa.p/hw_display_ati_dbg.c.o
[992/2125] Compiling C object libcommon.fa.p/hw_usb_combined-packet.c.o
[993/2125] Compiling C object libcommon.fa.p/backends_cryptodev-vhost-user.c.o
[994/2125] Compiling C object libcommon.fa.p/hw_pci_msix.c.o
[995/2125] Compiling C object libcommon.fa.p/hw_pci-bridge_ioh3420.c.o
[996/2125] Compiling C object libcommon.fa.p/disas_capstone.c.o
[997/2125] Compiling C object libcommon.fa.p/hw_net_cadence_gem.c.o
[998/2125] Compiling C object libcommon.fa.p/hw_sd_sdhci-pci.c.o
[999/2125] Compiling C object libcommon.fa.p/hw_misc_mchp_pfsoc_sysreg.c.o
[1000/2125] Compiling C object libcommon.fa.p/block_monitor_block-hmp-cmds.c.o
[1001/2125] Compiling C object libcommon.fa.p/hw_misc_vmcoreinfo.c.o
[1002/2125] Compiling C object libcommon.fa.p/hw_ide_core.c.o
[1003/2125] Compiling C object libcommon.fa.p/net_filter-buffer.c.o
[1004/2125] Compiling C object libcommon.fa.p/ui_input-keymap.c.o
[1005/2125] Compiling C object libcommon.fa.p/hw_display_i2c-ddc.c.o
[1006/2125] Compiling C object libcommon.fa.p/backends_hostmem-file.c.o
[1007/2125] Compiling C object libcommon.fa.p/hw_input_vhost-user-input.c.o
[1008/2125] Compiling C object libcommon.fa.p/hw_acpi_acpi-stub.c.o
[1009/2125] Compiling C object libcommon.fa.p/hw_net_can_can_sja1000.c.o
[1010/2125] Compiling C object libcommon.fa.p/hw_misc_sifive_u_otp.c.o
[1011/2125] Compiling C object libcommon.fa.p/hw_scsi_mptendian.c.o
[1012/2125] Compiling C object libcommon.fa.p/hw_usb_dev-storage-bot.c.o
[1013/2125] Compiling C object libcommon.fa.p/page-vary-common.c.o
[1014/2125] Compiling C object libcommon.fa.p/hw_net_ne2000-pci.c.o
[1015/2125] Compiling C object libcommon.fa.p/hw_ide_ich.c.o
[1016/2125] Compiling C object libcommon.fa.p/hw_net_rocker_rocker_of_dpa.c.o
[1017/2125] Compiling C object libcommon.fa.p/dump_dump-hmp-cmds.c.o
[1018/2125] Compiling C object libcommon.fa.p/block_blkreplay.c.o
[1019/2125] Compiling C object libcommon.fa.p/hw_net_rocker_rocker_world.c.o
[1020/2125] Compiling C object libcommon.fa.p/ui_kbd-state.c.o
[1021/2125] Compiling C object libcommon.fa.p/hw_net_pcnet.c.o
[1022/2125] Compiling C object libcommon.fa.p/backends_hostmem.c.o
[1023/2125] Compiling C object libcommon.fa.p/hw_misc_mchp_pfsoc_ioscb.c.o
[1024/2125] Compiling C object libcommon.fa.p/replay_replay-net.c.o
[1025/2125] Compiling C object libcommon.fa.p/accel_accel-softmmu.c.o
[1026/2125] Compiling C object libcommon.fa.p/replay_replay-internal.c.o
[1027/2125] Compiling C object libcommon.fa.p/hw_core_cpu.c.o
[1028/2125] Compiling C object libcommon.fa.p/backends_vhost-user.c.o
[1029/2125] Compiling C object libcommon.fa.p/hw_usb_host-stub.c.o
[1030/2125] Compiling C object libcommon.fa.p/hw_core_qdev-fw.c.o
[1031/2125] Compiling C object libcommon.fa.p/hw_usb_dev-smartcard-reader.c.o
[1032/2125] Compiling C object libcommon.fa.p/hw_scsi_esp.c.o
[1033/2125] Compiling C object libcommon.fa.p/hw_net_e1000.c.o
[1034/2125] Compiling C object libcommon.fa.p/hw_usb_hcd-ehci-pci.c.o
[1035/2125] Compiling C object libcommon.fa.p/hw_net_rocker_rocker_desc.c.o
[1036/2125] Compiling C object libcommon.fa.p/hw_usb_dev-mtp.c.o
[1037/2125] Compiling C object libcommon.fa.p/hw_nvram_eeprom93xx.c.o
[1038/2125] Compiling C object libcommon.fa.p/ui_qemu-pixman.c.o
[1039/2125] Compiling C object libcommon.fa.p/net_can_can_socketcan.c.o
[1040/2125] Compiling C object libcommon.fa.p/hw_net_tulip.c.o
[1041/2125] Compiling C object libcommon.fa.p/net_checksum.c.o
[1042/2125] Compiling C object libcommon.fa.p/hw_input_virtio-input.c.o
[1043/2125] Compiling C object libcommon.fa.p/hw_usb_u2f-passthru.c.o
[1044/2125] Compiling C object libcommon.fa.p/ui_console.c.o
[1045/2125] Compiling C object libcommon.fa.p/hw_scsi_mptsas.c.o
[1046/2125] Compiling C object libcommon.fa.p/disas_riscv.c.o
[1047/2125] Compiling C object libcommon.fa.p/hw_core_machine-hmp-cmds.c.o
[1048/2125] Compiling C object libcommon.fa.p/ui_vnc-ws.c.o
[1049/2125] Compiling C object libcommon.fa.p/audio_noaudio.c.o
[1050/2125] Compiling C object libcommon.fa.p/hw_virtio_virtio-pci.c.o
[1051/2125] Compiling C object libcommon.fa.p/hw_block_nvme-ns.c.o
[1052/2125] Compiling C object libcommon.fa.p/hw_misc_mchp_pfsoc_dmc.c.o
[1053/2125] Compiling C object libcommon.fa.p/hw_sd_core.c.o
[1054/2125] Compiling C object libcommon.fa.p/backends_cryptodev.c.o
[1055/2125] Compiling C object libcommon.fa.p/hw_usb_dev-wacom.c.o
[1056/2125] Compiling C object libcommon.fa.p/hw_net_ne2000.c.o
[1057/2125] Compiling C object libcommon.fa.p/hw_display_virtio-gpu.c.o
[1058/2125] Compiling C object libcommon.fa.p/hw_net_e1000e.c.o
[1059/2125] Compiling C object libcommon.fa.p/hw_display_vmware_vga.c.o
[1060/2125] Compiling C object libcommon.fa.p/hw_ide_ahci.c.o
[1061/2125] Compiling C object libcommon.fa.p/hw_misc_fft_core.c.o
FAILED: libcommon.fa.p/hw_misc_fft_core.c.o 
cc -Ilibcommon.fa.p -I. -I.. -I../capstone/include/capstone -I../slirp -I../slirp/src -Iqapi -Itrace -Iui -Iui/shader -I/usr/include/pixman-1 -I/usr/include/glib-2.0 -I/usr/lib/x86_64-linux-gnu/glib-2.0/include -I/usr/include/libmount -I/usr/include/blkid -I/usr/include/gio-unix-2.0 -fdiagnostics-color=auto -pipe -Wall -Winvalid-pch -std=gnu99 -O2 -g -isystem /mnt/qemu/linux-headers -isystem linux-headers -iquote . -iquote /mnt/qemu -iquote /mnt/qemu/include -iquote /mnt/qemu/disas/libvixl -iquote /mnt/qemu/tcg/i386 -iquote /mnt/qemu/accel/tcg -pthread -U_FORTIFY_SOURCE -D_FORTIFY_SOURCE=2 -m64 -mcx16 -D_GNU_SOURCE -D_FILE_OFFSET_BITS=64 -D_LARGEFILE_SOURCE -Wstrict-prototypes -Wredundant-decls -Wundef -Wwrite-strings -Wmissing-prototypes -fno-strict-aliasing -fno-common -fwrapv -Wold-style-declaration -Wold-style-definition -Wtype-limits -Wformat-security -Wformat-y2k -Winit-self -Wignored-qualifiers -Wempty-body -Wnested-externs -Wendif-labels -Wexpansion-to-defined -Wimplicit-fallthrough=2 -Wno-missing-include-dirs -Wno-shift-negative-value -Wno-psabi -fstack-protector-strong -fPIC -MD -MQ libcommon.fa.p/hw_misc_fft_core.c.o -MF libcommon.fa.p/hw_misc_fft_core.c.o.d -o libcommon.fa.p/hw_misc_fft_core.c.o -c ../hw/misc/fft_core.c
../hw/misc/fft_core.c:53:10: error: unknown type name Complex
   53 | void fft(Complex input[], Complex output[]) {
      |          ^~~~~~~
../hw/misc/fft_core.c:53:27: error: unknown type name Complex
   53 | void fft(Complex input[], Complex output[]) {
      |                           ^~~~~~~
[1062/2125] Compiling C object libcommon.fa.p/backends_hostmem-ram.c.o
[1063/2125] Compiling C object libcommon.fa.p/hw_usb_u2f.c.o
[1064/2125] Compiling C object libcommon.fa.p/backends_dbus-vmstate.c.o
[1065/2125] Compiling C object libcommon.fa.p/hw_usb_desc.c.o
[1066/2125] Compiling C object libcommon.fa.p/audio_audio.c.o
[1067/2125] Compiling C object libcommon.fa.p/hw_usb_hcd-xhci.c.o
ninja: build stopped: subcommand failed.
make[2]: Leaving directory '/mnt/qemu/build'
make[1]: Leaving directory '/mnt/qemu'
